
LICENSE SYSTEM [2018913 23:14:25] Next license update check is after 2018-09-14T13:08:34

DisplayProgressbar: Unity license
[Package Manager] Server::Start -- Port 64084 was selected

 COMMAND LINE ARGUMENTS:
/Applications/Unity/Unity.app/Contents/MacOS/Unity
-batchmode
-quit
-projectPath
/Users/chauchonghin/Desktop/swen90013-2018-pltest/swen90013-2018-pl/PlanningVisualise
-executeMethod
buildscript.build
-logFile
stdout.log
Successfully changed project path to: /Users/chauchonghin/Desktop/swen90013-2018-pltest/swen90013-2018-pl/PlanningVisualise
/Users/chauchonghin/Desktop/swen90013-2018-pltest/swen90013-2018-pl/PlanningVisualise
Loading GUID <-> Path mappings...0.000041 seconds
Loading Asset Database...0.005597 seconds
Audio: FMOD Profiler initialized on port 54900
AssetDatabase consistency checks...0.023450 seconds
Refreshing native plugins compatible for Editor in 3.25 ms, found 0 plugins.
Preloading 0 native plugins for Editor in 0.00 ms.
DisplayProgressbar: Unity Package Manager
[Package Manager] Resolving 4 packages:
[Package Manager]  * Package :  com.unity.ads@2.0.3
    (location: /Users/chauchonghin/Library/Unity/cache/packages/packages.unity.com/com.unity.ads@2.0.3)
[Package Manager]  * Package :  com.unity.analytics@2.0.13
    (location: /Users/chauchonghin/Library/Unity/cache/packages/packages.unity.com/com.unity.analytics@2.0.13)
[Package Manager]  * Package :  com.unity.purchasing@0.0.19
    (location: /Users/chauchonghin/Library/Unity/cache/packages/packages.unity.com/com.unity.purchasing@0.0.19)
[Package Manager]  * Package :  com.unity.standardevents@1.0.10
    (location: /Users/chauchonghin/Library/Unity/cache/packages/packages.unity.com/com.unity.standardevents@1.0.10)
[Package Manager] Resolve completed
Initialize engine version: 2017.4.1f1 (9231f953d9d3)
GfxDevice: creating device client; threaded=0
Renderer: Intel(R) Iris(TM) Plus Graphics 640
Vendor:   Intel Inc.
Version:  4.1 INTEL-10.25.13
GLES:     0
 GL_ARB_blend_func_extended GL_ARB_draw_buffers_blend GL_ARB_draw_indirect GL_ARB_ES2_compatibility GL_ARB_explicit_attrib_location GL_ARB_gpu_shader_fp64 GL_ARB_gpu_shader5 GL_ARB_instanced_arrays GL_ARB_internalformat_query GL_ARB_occlusion_query2 GL_ARB_sample_shading GL_ARB_sampler_objects GL_ARB_separate_shader_objects GL_ARB_shader_bit_encoding GL_ARB_shader_subroutine GL_ARB_shading_language_include GL_ARB_tessellation_shader GL_ARB_texture_buffer_object_rgb32 GL_ARB_texture_cube_map_array GL_ARB_texture_gather GL_ARB_texture_query_lod GL_ARB_texture_rgb10_a2ui GL_ARB_texture_storage GL_ARB_texture_swizzle GL_ARB_timer_query GL_ARB_transform_feedback2 GL_ARB_transform_feedback3 GL_ARB_vertex_attrib_64bit GL_ARB_vertex_type_2_10_10_10_rev GL_ARB_viewport_array GL_EXT_debug_label GL_EXT_debug_marker GL_EXT_framebuffer_multisample_blit_scaled GL_EXT_texture_compression_s3tc GL_EXT_texture_filter_anisotropic GL_EXT_texture_sRGB_decode GL_APPLE_client_storage GL_APPLE_container_object_shareable GL_APPLE_fl
ush_render GL_APPLE_object_purgeable GL_APPLE_rgb_422 GL_APPLE_row_bytes GL_APPLE_texture_range GL_ATI_texture_mirror_once GL_NV_texture_barrier
OPENGL LOG: Creating OpenGL 4.1 graphics device ; Context level  <OpenGL 4.1> ; Context handle 243837440
Initialize mono
Mono path[0] = '/Applications/Unity/Unity.app/Contents/Managed'
Mono path[1] = '/Applications/Unity/Unity.app/Contents/MonoBleedingEdge/lib/mono/4.5'
Mono config path = '/Applications/Unity/Unity.app/Contents/MonoBleedingEdge/etc'
Using monoOptions --debugger-agent=transport=dt_socket,embedding=1,server=y,suspend=n,address=0.0.0.0:56423
Begin MonoManager ReloadAssembly
Refreshing native plugins compatible for Editor in 0.30 ms, found 3 plugins.
Initializing Unity.PackageManager (PackageManager) v2017.4.1 for Unity v2017.4.1f1
Registering precompiled unity dll's ...
Register platform support module: /Applications/Unity/PlaybackEngines/WebGLSupport/UnityEditor.WebGL.Extensions.dll
Register platform support module: /Applications/Unity/Unity.app/Contents/PlaybackEngines/MacStandaloneSupport/UnityEditor.OSXStandalone.Extensions.dll
Registered in 0.000349 seconds.
Refreshing native plugins compatible for Editor in 0.34 ms, found 3 plugins.
Preloading 1 native plugins for Editor in 1.50 ms.
Mono: successfully reloaded assembly
- Completed reload, in  1.267 seconds
Registering platform support modules:
Registered platform support modules in: 0.1341879s.
Native extension for WebGL target not found
Native extension for OSXStandalone target not found
Begin MonoManager ReloadAssembly
Registering precompiled user dll's ...
Registered in 0.016454 seconds.
Refreshing native plugins compatible for Editor in 0.39 ms, found 3 plugins.
Preloading 1 native plugins for Editor in 0.41 ms.
Mono: successfully reloaded assembly
- Completed reload, in  0.539 seconds
Initializing Unity.PackageManager (PackageManager) v2017.4.1 for Unity v2017.4.1f1
Registering platform support modules:
Registered platform support modules in: 0.095304s.
Native extension for WebGL target not found
Native extension for OSXStandalone target not found
- Starting compile Library/ScriptAssemblies/Assembly-CSharp.dll

-----Compiler Commandline Arguments:
Filename: /Applications/Unity/Unity.app/Contents/MonoBleedingEdge/bin/mono
Arguments: '/Applications/Unity/Unity.app/Contents/MonoBleedingEdge/lib/mono/4.5/mcs.exe'  @Temp/UnityTempFile-4a29b813bed1e447a87940c1a39fd2b6
index: 81
Responsefile: Temp/UnityTempFile-4a29b813bed1e447a87940c1a39fd2b6 Contents: 
-debug
-target:library
-nowarn:0169
-langversion:6
-out:'Temp/Assembly-CSharp.dll'
-unsafe
-r:'/Applications/Unity/Unity.app/Contents/Managed/UnityEditor.dll'
-r:'/Applications/Unity/Unity.app/Contents/Managed/UnityEngine/UnityEngine.dll'
-r:'/Applications/Unity/Unity.app/Contents/Managed/UnityEngine/UnityEngine.CoreModule.dll'
-r:'/Applications/Unity/Unity.app/Contents/Managed/UnityEngine/UnityEngine.AccessibilityModule.dll'
-r:'/Applications/Unity/Unity.app/Contents/Managed/UnityEngine/UnityEngine.ParticleSystemModule.dll'
-r:'/Applications/Unity/Unity.app/Contents/Managed/UnityEngine/UnityEngine.PhysicsModule.dll'
-r:'/Applications/Unity/Unity.app/Contents/Managed/UnityEngine/UnityEngine.VehiclesModule.dll'
-r:'/Applications/Unity/Unity.app/Contents/Managed/UnityEngine/UnityEngine.ClothModule.dll'
-r:'/Applications/Unity/Unity.app/Contents/Managed/UnityEngine/UnityEngine.AIModule.dll'
-r:'/Applications/Unity/Unity.app/Contents/Managed/UnityEngine/UnityEngine.AnimationModule.dll'
-r:'/Applications/Unity/Unity.app/Contents/Managed/UnityEngine/UnityEngine.TextRenderingModule.dll'
-r:'/Applications/Unity/Unity.app/Contents/Managed/UnityEngine/UnityEngine.UIModule.dll'
-r:'/Applications/Unity/Unity.app/Contents/Managed/UnityEngine/UnityEngine.TerrainPhysicsModule.dll'
-r:'/Applications/Unity/Unity.app/Contents/Managed/UnityEngine/UnityEngine.IMGUIModule.dll'
-r:'/Applications/Unity/Unity.app/Contents/Managed/UnityEngine/UnityEngine.ClusterInputModule.dll'
-r:'/Applications/Unity/Unity.app/Contents/Managed/UnityEngine/UnityEngine.ClusterRendererModule.dll'
-r:'/Applications/Unity/Unity.app/Contents/Managed/UnityEngine/UnityEngine.UNETModule.dll'
-r:'/Applications/Unity/Unity.app/Contents/Managed/UnityEngine/UnityEngine.DirectorModule.dll'
-r:'/Applications/Unity/Unity.app/Contents/Managed/UnityEngine/UnityEngine.UnityAnalyticsModule.dll'
-r:'/Applications/Unity/Unity.app/Contents/Managed/UnityEngine/UnityEngine.PerformanceReportingModule.dll'
-r:'/Applications/Unity/Unity.app/Contents/Managed/UnityEngine/UnityEngine.UnityConnectModule.dll'
-r:'/Applications/Unity/Unity.app/Contents/Managed/UnityEngine/UnityEngine.WebModule.dll'
-r:'/Applications/Unity/Unity.app/Contents/Managed/UnityEngine/UnityEngine.ARModule.dll'
-r:'/Applications/Unity/Unity.app/Contents/Managed/UnityEngine/UnityEngine.VRModule.dll'
-r:'/Applications/Unity/Unity.app/Contents/Managed/UnityEngine/UnityEngine.UIElementsModule.dll'
-r:'/Applications/Unity/Unity.app/Contents/Managed/UnityEngine/UnityEngine.StyleSheetsModule.dll'
-r:'/Applications/Unity/Unity.app/Contents/Managed/UnityEngine/UnityEngine.AssetBundleModule.dll'
-r:'/Applications/Unity/Unity.app/Contents/Managed/UnityEngine/UnityEngine.AudioModule.dll'
-r:'/Applications/Unity/Unity.app/Contents/Managed/UnityEngine/UnityEngine.CrashReportingModule.dll'
-r:'/Applications/Unity/Unity.app/Contents/Managed/UnityEngine/UnityEngine.GameCenterModule.dll'
-r:'/Applications/Unity/Unity.app/Contents/Managed/UnityEngine/UnityEngine.GridModule.dll'
-r:'/Applications/Unity/Unity.app/Contents/Managed/UnityEngine/UnityEngine.ImageConversionModule.dll'
-r:'/Applications/Unity/Unity.app/Contents/Managed/UnityEngine/UnityEngine.InputModule.dll'
-r:'/Applications/Unity/Unity.app/Contents/Managed/UnityEngine/UnityEngine.JSONSerializeModule.dll'
-r:'/Applications/Unity/Unity.app/Contents/Managed/UnityEngine/UnityEngine.ParticlesLegacyModule.dll'
-r:'/Applications/Unity/Unity.app/Contents/Managed/UnityEngine/UnityEngine.Physics2DModule.dll'
-r:'/Applications/Unity/Unity.app/Contents/Managed/UnityEngine/UnityEngine.ScreenCaptureModule.dll'
-r:'/Applications/Unity/Unity.app/Contents/Managed/UnityEngine/UnityEngine.SharedInternalsModule.dll'
-r:'/Applications/Unity/Unity.app/Contents/Managed/UnityEngine/UnityEngine.SpriteMaskModule.dll'
-r:'/Applications/Unity/Unity.app/Contents/Managed/UnityEngine/UnityEngine.SpriteShapeModule.dll'
-r:'/Applications/Unity/Unity.app/Contents/Managed/UnityEngine/UnityEngine.TerrainModule.dll'
-r:'/Applications/Unity/Unity.app/Contents/Managed/UnityEngine/UnityEngine.TilemapModule.dll'
-r:'/Applications/Unity/Unity.app/Contents/Managed/UnityEngine/UnityEngine.UnityWebRequestModule.dll'
-r:'/Applications/Unity/Unity.app/Contents/Managed/UnityEngine/UnityEngine.UnityWebRequestAudioModule.dll'
-r:'/Applications/Unity/Unity.app/Contents/Managed/UnityEngine/UnityEngine.UnityWebRequestTextureModule.dll'
-r:'/Applications/Unity/Unity.app/Contents/Managed/UnityEngine/UnityEngine.UnityWebRequestWWWModule.dll'
-r:'/Applications/Unity/Unity.app/Contents/Managed/UnityEngine/UnityEngine.VideoModule.dll'
-r:'/Applications/Unity/Unity.app/Contents/Managed/UnityEngine/UnityEngine.WindModule.dll'
-r:'/Applications/Unity/Unity.app/Contents/UnityExtensions/Unity/GUISystem/UnityEngine.UI.dll'
-r:'/Applications/Unity/Unity.app/Contents/UnityExtensions/Unity/Networking/UnityEngine.Networking.dll'
-r:'/Applications/Unity/Unity.app/Contents/UnityExtensions/Unity/TestRunner/UnityEngine.TestRunner.dll'
-r:'/Applications/Unity/Unity.app/Contents/UnityExtensions/Unity/TestRunner/net35/unity-custom/nunit.framework.dll'
-r:'/Applications/Unity/Unity.app/Contents/UnityExtensions/Unity/Timeline/RuntimeEditor/UnityEngine.Timeline.dll'
-r:'/Applications/Unity/Unity.app/Contents/UnityExtensions/Unity/UIAutomation/UnityEngine.UIAutomation.dll'
-r:'/Applications/Unity/Unity.app/Contents/UnityExtensions/Unity/UnityGoogleAudioSpatializer/RuntimeEditor/UnityEngine.GoogleAudioSpatializer.dll'
-r:'/Applications/Unity/Unity.app/Contents/UnityExtensions/Unity/UnityHoloLens/RuntimeEditor/UnityEngine.HoloLens.dll'
-r:'/Applications/Unity/Unity.app/Contents/UnityExtensions/Unity/UnitySpatialTracking/RuntimeEditor/UnityEngine.SpatialTracking.dll'
-r:'/Users/chauchonghin/Library/Unity/cache/packages/packages.unity.com/com.unity.ads@2.0.3/UnityEngine.Advertisements.dll'
-r:'/Users/chauchonghin/Library/Unity/cache/packages/packages.unity.com/com.unity.analytics@2.0.13/UnityEngine.Analytics.dll'
-r:'/Users/chauchonghin/Library/Unity/cache/packages/packages.unity.com/com.unity.purchasing@0.0.19/UnityEngine.Purchasing.dll'
-r:'/Users/chauchonghin/Library/Unity/cache/packages/packages.unity.com/com.unity.standardevents@1.0.10/UnityEngine.StandardEvents.dll'
-define:UNITY_5_3_OR_NEWER
-define:UNITY_5_4_OR_NEWER
-define:UNITY_5_5_OR_NEWER
-define:UNITY_5_6_OR_NEWER
-define:UNITY_2017_1_OR_NEWER
-define:UNITY_2017_2_OR_NEWER
-define:UNITY_2017_3_OR_NEWER
-define:UNITY_2017_4_OR_NEWER
-define:UNITY_2017_4_1
-define:UNITY_2017_4
-define:UNITY_2017
-define:ENABLE_AUDIO
-define:ENABLE_CACHING
-define:ENABLE_CLOTH
-define:ENABLE_GENERICS
-define:ENABLE_PVR_GI
-define:ENABLE_MULTIPLE_DISPLAYS
-define:ENABLE_PHYSICS
-define:ENABLE_SPRITERENDERER_FLIPPING
-define:ENABLE_SPRITES
-define:ENABLE_GRID
-define:ENABLE_TILEMAP
-define:ENABLE_TERRAIN
-define:ENABLE_DIRECTOR
-define:ENABLE_UNET
-define:ENABLE_UNITYEVENTS
-define:ENABLE_WEBCAM
-define:ENABLE_WWW
-define:ENABLE_CLOUD_SERVICES_COLLAB
-define:ENABLE_CLOUD_SERVICES_COLLAB_SOFTLOCKS
-define:ENABLE_CLOUD_HUB
-define:ENABLE_CLOUD_PROJECT_ID
-define:ENABLE_CLOUD_SERVICES_USE_WEBREQUEST
-define:ENABLE_CLOUD_SERVICES_UNET
-define:ENABLE_CLOUD_SERVICES_BUILD
-define:ENABLE_CLOUD_LICENSE
-define:ENABLE_EDITOR_HUB
-define:ENABLE_EDITOR_HUB_LICENSE
-define:ENABLE_WEBSOCKET_CLIENT
-define:ENABLE_DIRECTOR_AUDIO
-define:ENABLE_DIRECTOR_TEXTURE
-define:ENABLE_TIMELINE
-define:ENABLE_EDITOR_METRICS
-define:ENABLE_EDITOR_METRICS_CACHING
-define:ENABLE_NATIVE_ARRAY
-define:ENABLE_SPRITE_MASKING
-define:INCLUDE_DYNAMIC_GI
-define:INCLUDE_GI
-define:ENABLE_MONO_BDWGC
-define:RENDER_SOFTWARE_CURSOR
-define:INCLUDE_PUBNUB
-define:ENABLE_PLAYMODE_TESTS_RUNNER
-define:ENABLE_VIDEO
-define:ENABLE_RMGUI
-define:ENABLE_PACKMAN
-define:ENABLE_CUSTOM_RENDER_TEXTURE
-define:ENABLE_STYLE_SHEETS
-define:ENABLE_LOCALIZATION
-define:PLATFORM_WEBGL
-define:UNITY_WEBGL
-define:UNITY_WEBGL_API
-define:UNITY_DISABLE_WEB_VERIFICATION
-define:UNITY_GFX_USE_PLATFORM_VSYNC
-define:ENABLE_CRUNCH_TEXTURE_COMPRESSION
-define:ENABLE_UNITYWEBREQUEST
-define:ENABLE_CLOUD_SERVICES
-define:ENABLE_CLOUD_SERVICES_ADS
-define:ENABLE_CLOUD_SERVICES_ANALYTICS
-define:ENABLE_CLOUD_SERVICES_PURCHASING
-define:ENABLE_CLOUD_SERVICES_CRASH_REPORTING
-define:ENABLE_VR
-define:ENABLE_SPATIALTRACKING
-define:ENABLE_IL2CPP
-define:NET_4_6
-define:ENABLE_PROFILER
-define:DEBUG
-define:TRACE
-define:UNITY_ASSERTIONS
-define:UNITY_EDITOR
-define:UNITY_EDITOR_64
-define:UNITY_EDITOR_OSX
-define:ENABLE_NATIVE_ARRAY_CHECKS
-define:UNITY_TEAM_LICENSE
'Assets/AnalyzerPack/ScriptReaderPack/AnimationProfileReaderPack/AnimationProfileReaderInterface.cs'
'Assets/AnalyzerPack/ScriptReaderPack/DomainReaderPack/DomainReaderInterface.cs'
'Assets/AnalyzerPack/ScriptReaderPack/PlanReaderPack/PlanReaderInterface.cs'
'Assets/AnalyzerPack/ScriptReaderPack/ProblemReaderPack/ProblemReaderInterface.cs'
'Assets/AnalyzerPack/VisualizerRenderPack/ObjectCreatePack/ObjectCreateInterface.cs'
'Assets/AnalyzerPack/VisualizerRenderPack/ObjectLocationPack/ObjectLocationInterface.cs'
'Assets/AnalyzerPack/VisualizerRenderPack/PredicatesCalculatePack/PredicatesCalculateInterface.cs'
'Assets/AnimationProfile/Script/Helplink.cs'
'Assets/AnimationProfile/Script/Inputfield.cs'
'Assets/AnimationProfile/Script/Objects.cs'
'Assets/AnimationProfile/Script/predicates.cs'
'Assets/AnimationProfile/Script/ScreenManager.cs'
'Assets/Entity/AniProfilePack/AnimationProfileItem.cs'
'Assets/Entity/AniProfilePack/DesItem_Absolute.cs'
'Assets/Entity/AniProfilePack/DesItem_Offset.cs'
'Assets/Entity/AniProfilePack/DesItemBase.cs'
'Assets/Entity/ProjectVisualizePack/PredicateItem.cs'
'Assets/Entity/ProjectVisualizePack/ProjectVisualizeItem.cs'
'Assets/Entity/ProjectVisualizePack/StepItem.cs'
'Assets/Entity/ScriptInfoPack/Script_ObjectItem.cs'
'Assets/Entity/ScriptInfoPack/Script_PredicateItem.cs'
'Assets/Entity/ScriptInfoPack/ScriptInfoItem.cs'
'Assets/FileLoaderSharukh.cs'
'Assets/LoadingScreenController.cs'
'Assets/ProgressAnimation.cs'
'Assets/SerializableDictionary/Example/SerializableDictionaryExample.cs'
'Assets/SerializableDictionary/Example/UserSerializableDictionaries.cs'
'Assets/SerializableDictionary/SerializableDictionary.cs'
'Assets/Visualiser/Fonts/Change_info.cs'
'Assets/Visualiser/Scripts/circleRotator.cs'
'Assets/Visualiser/Scripts/FileUpload/CanvasScript.cs'
'Assets/Visualiser/Scripts/ScenesCoordinator.cs'
'Assets/Visualiser/Scripts/Visualisation/AnimationControl/DetachAniFrameOne.cs'
'Assets/Visualiser/Scripts/Visualisation/SpriteController.cs'
'Assets/Visualiser/Scripts/Visualisation/TransferPack/Enum_TransferType.cs'
'Assets/Visualiser/Scripts/Visualisation/TransferPack/Enum_TwoPhaseAppearType.cs'
'Assets/Visualiser/Scripts/Visualisation/TransferPack/Enum_TwoPhaseDisappearType.cs'
'Assets/Visualiser/Scripts/Visualisation/TransferPack/TransferFactory.cs'
'Assets/Visualiser/Scripts/Visualisation/TransferPack/TransferItemPack/FadeTransferItem.cs'
'Assets/Visualiser/Scripts/Visualisation/TransferPack/TransferItemPack/ITransferItem.cs'
'Assets/Visualiser/Scripts/Visualisation/TransferPack/TransferItemPack/LinerTransferItem.cs'
'Assets/Visualiser/Scripts/Visualisation/TransferPack/TransferItemPack/TwoPhaseTransferItem_Interfaces.cs'
'Assets/Visualiser/Scripts/Visualisation/TransferPack/TransferItemPack/TwoPhaseTransferItem_Main.cs'
'Assets/Visualiser/Scripts/Visualisation/VisualisationModels/ImageDictionary.cs'
'Assets/Visualiser/Scripts/Visualisation/VisualisationModels/VisualSolutionObject.cs'
'Assets/Visualiser/Scripts/Visualisation/VisualisationModels/VisualSpriteObject.cs'
'Assets/Visualiser/Scripts/Visualisation/VisualisationModels/VisualStageObject.cs'
'Assets/Visualiser/Scripts/Visualisation/VisualiserController.cs'
-r:'/Applications/Unity/Unity.app/Contents/MonoBleedingEdge/lib/mono/4.5/System.Runtime.Serialization.dll'
-r:'/Applications/Unity/Unity.app/Contents/MonoBleedingEdge/lib/mono/4.5/System.Xml.Linq.dll'
-r:'/Applications/Unity/Unity.app/Contents/MonoBleedingEdge/lib/mono/4.5/UnityScript.dll'
-r:'/Applications/Unity/Unity.app/Contents/MonoBleedingEdge/lib/mono/4.5/UnityScript.Lang.dll'
-r:'/Applications/Unity/Unity.app/Contents/MonoBleedingEdge/lib/mono/4.5/Boo.Lang.dll'
-sdk:4.6

-----CompilerOutput:-stdout--exitcode: 0--compilationhadfailure: False--outfile: Temp/Assembly-CSharp.dll
Compilation succeeded - 2 warning(s)
-----CompilerOutput:-stderr----------
Assets/Visualiser/Scripts/FileUpload/CanvasScript.cs(14,17): warning CS0108: `CanvasScript.name' hides inherited member `UnityEngine.Object.name'. Use the new keyword if hiding was intended
/Applications/Unity/Unity.app/Contents/Managed/UnityEngine/UnityEngine.CoreModule.dll (Location of the symbol related to previous warning)
Assets/Visualiser/Scripts/Visualisation/VisualiserController.cs(216,29): warning CS0219: The variable `rectTrans' is assigned but its value is never used
-----EndCompilerOutput---------------
- Finished compile Library/ScriptAssemblies/Assembly-CSharp.dll
Symbols will be read from Temp/Assembly-CSharp.dll.mdb
Script Module: Assembly-CSharp.dll
Pass: 0 took 20 milliseconds
Pass: 1 took 7 milliseconds
- Starting compile Library/ScriptAssemblies/Assembly-CSharp-Editor.dll
- Finished compile Library/ScriptAssemblies/Assembly-CSharp-Editor.dll
Assets/Visualiser/Scripts/FileUpload/CanvasScript.cs(14,17): warning CS0108: `CanvasScript.name' hides inherited member `UnityEngine.Object.name'. Use the new keyword if hiding was intended
 
(Filename: Assets/Visualiser/Scripts/FileUpload/CanvasScript.cs Line: 14)

Assets/Visualiser/Scripts/Visualisation/VisualiserController.cs(216,29): warning CS0219: The variable `rectTrans' is assigned but its value is never used
 
(Filename: Assets/Visualiser/Scripts/Visualisation/VisualiserController.cs Line: 216)

Reloading assemblies after script compilation.
Begin MonoManager ReloadAssembly
Refreshing native plugins compatible for Editor in 0.36 ms, found 3 plugins.
Preloading 1 native plugins for Editor in 0.43 ms.
Mono: successfully reloaded assembly
- Completed reload, in  0.532 seconds
Initializing Unity.PackageManager (PackageManager) v2017.4.1 for Unity v2017.4.1f1
Registering platform support modules:
Registered platform support modules in: 0.0886273s.
Native extension for WebGL target not found
Native extension for OSXStandalone target not found
Validating Project structure ... 0.005694 seconds.
Refresh: detecting if any assets need to be imported or removed ... Refresh: elapses 0.007381 seconds (Nothing changed)
Warming cache for 302 main assets: 0.000730 seconds elapsed
Initializing Unity extensions:
 '/Applications/Unity/Unity.app/Contents/UnityExtensions/Unity/UnityHoloLens/Editor/UnityEditor.HoloLens.dll'  GUID: 12fd8a0055b84bb59e84c9835a37e333
 '/Applications/Unity/Unity.app/Contents/UnityExtensions/Unity/Timeline/Runtime/UnityEngine.Timeline.dll'  GUID: 6a10b2909283487f913b00d94cd3faf5
 '/Applications/Unity/Unity.app/Contents/UnityExtensions/Unity/TestRunner/portable/nunit.framework.dll'  GUID: 405b9b51bb344a128608d968297df79c
 '/Applications/Unity/Unity.app/Contents/UnityExtensions/Unity/GUISystem/Standalone/UnityEngine.UI.dll'  GUID: f70555f144d8491a825f0804e09c671c
 '/Applications/Unity/Unity.app/Contents/UnityExtensions/Unity/GUISystem/UnityEngine.UI.dll'  GUID: f5f67c52d1564df4a8936ccd202a3bd8
 '/Applications/Unity/Unity.app/Contents/UnityExtensions/Unity/Timeline/RuntimeEditor/UnityEngine.Timeline.dll'  GUID: 844f815391db42d49455cbf1a7bfc434
 '/Applications/Unity/Unity.app/Contents/UnityExtensions/Unity/Networking/Standalone/UnityEngine.Networking.dll'  GUID: dc443db3e92b4983b9738c1131f555cb
 '/Applications/Unity/Unity.app/Contents/UnityExtensions/Unity/UnitySpatialTracking/Runtime/UnityEngine.SpatialTracking.dll'  GUID: ed7343f30e3843b3afda8f8b02669cea
 '/Applications/Unity/Unity.app/Contents/UnityExtensions/Unity/UnityGoogleAudioSpatializer/Editor/UnityEditor.GoogleAudioSpatializer.dll'  GUID: 4a3ecb1425d14502837abea459cf2b70
 '/Applications/Unity/Unity.app/Contents/UnityExtensions/Unity/Networking/Editor/UnityEditor.Networking.dll'  GUID: 5f32cd94baa94578a686d4b9d6b660f7
 '/Applications/Unity/Unity.app/Contents/UnityExtensions/Unity/UnityHoloLens/Runtime/UnityEngine.HoloLens.dll'  GUID: f7b54ff4a43d4fcf81b4538b678e0bcc
 '/Applications/Unity/Unity.app/Contents/UnityExtensions/Unity/UnitySpatialTracking/Editor/UnityEditor.SpatialTracking.dll'  GUID: b5da970776034f77a070d99423d68791
 '/Applications/Unity/Unity.app/Contents/UnityExtensions/Unity/TreeEditor/Editor/UnityEditor.TreeEditor.dll'  GUID: adebbd281f1a4ef3a30be7f21937e02f
 '/Applications/Unity/Unity.app/Contents/UnityExtensions/Unity/Networking/UnityEngine.Networking.dll'  GUID: 870353891bb340e2b2a9c8707e7419ba
 '/Applications/Unity/Unity.app/Contents/UnityExtensions/Unity/TestRunner/UnityEngine.TestRunner.dll'  GUID: 53ebcfaa2e1e4e2dbc85882cd5a73fa1
 '/Applications/Unity/Unity.app/Contents/UnityExtensions/Unity/UnityGoogleAudioSpatializer/RuntimeEditor/UnityEngine.GoogleAudioSpatializer.dll'  GUID: ead147da21254ff9a0a936bdd75e1680
 '/Applications/Unity/Unity.app/Contents/UnityExtensions/Unity/UnityGoogleAudioSpatializer/Runtime/UnityEngine.GoogleAudioSpatializer.dll'  GUID: e4f4cf1b9b434137a499903a7a1d651a
 '/Applications/Unity/Unity.app/Contents/UnityExtensions/Unity/UnityVR/Editor/UnityEditor.VR.dll'  GUID: 4ba2329b63d54f0187bcaa12486b1b0f
 '/Applications/Unity/Unity.app/Contents/UnityExtensions/Unity/UnityHoloLens/RuntimeEditor/UnityEngine.HoloLens.dll'  GUID: 1c6d1fbb51834b64847b1b73a75bfc77
 '/Applications/Unity/Unity.app/Contents/UnityExtensions/Unity/UnitySpatialTracking/RuntimeEditor/UnityEngine.SpatialTracking.dll'  GUID: 3a84de5cd0624681b6b6dcd8921d912a
 '/Applications/Unity/Unity.app/Contents/UnityExtensions/Unity/GUISystem/Editor/UnityEditor.UI.dll'  GUID: 80a3616ca19596e4da0f10f14d241e9f
 '/Applications/Unity/Unity.app/Contents/UnityExtensions/Unity/UIAutomation/UnityEngine.UIAutomation.dll'  GUID: c768acbc9cf24d398488bb4c93b91288
 '/Applications/Unity/Unity.app/Contents/UnityExtensions/Unity/TestRunner/Editor/UnityEditor.TestRunner.dll'  GUID: 4113173d5e95493ab8765d7b08371de4
 '/Applications/Unity/Unity.app/Contents/UnityExtensions/Unity/TestRunner/net35/unity-custom/nunit.framework.dll'  GUID: 4b3fa4bde7f1451a8218c03ee6a8ded8
 '/Applications/Unity/Unity.app/Contents/UnityExtensions/Unity/UIAutomation/Editor/UnityEditor.UIAutomation.dll'  GUID: b8a0574e92bd43a59e19d6c3c6ae54c7
 '/Applications/Unity/Unity.app/Contents/UnityExtensions/Unity/Timeline/Editor/UnityEditor.Timeline.dll'  GUID: 7668179ede524d6396c8b7d84461ea29
Unloading 148 Unused Serialized files (Serialized files now loaded: 0)
System memory in use before: 224.0 MB.
System memory in use after: 224.1 MB.

Unloading 85 unused Assets to reduce memory usage. Loaded Objects now: 713.
Total: 2.596883 ms (FindLiveObjects: 0.599688 ms CreateObjectMapping: 0.029215 ms MarkObjects: 1.861051 ms  DeleteObjects: 0.105661 ms)

Refreshing native plugins compatible for Editor in 2.26 ms, found 3 plugins.
BuildPlayer: start building target 20
- Starting compile Library/ScriptAssemblies/Assembly-CSharp.dll

-----Compiler Commandline Arguments:
Filename: /Applications/Unity/Unity.app/Contents/MonoBleedingEdge/bin/mono
Arguments: '/Applications/Unity/Unity.app/Contents/MonoBleedingEdge/lib/mono/4.5/mcs.exe'  @Temp/UnityTempFile-013afc464b44447b9a24dc14437a1d9d
index: 81
Responsefile: Temp/UnityTempFile-013afc464b44447b9a24dc14437a1d9d Contents: 
-debug
-target:library
-nowarn:0169
-langversion:6
-out:'Temp/Assembly-CSharp.dll'
-unsafe
-optimize
-r:'/Applications/Unity/PlaybackEngines/WebGLSupport/Managed/UnityEngine.dll'
-r:'/Applications/Unity/PlaybackEngines/WebGLSupport/Managed/UnityEngine.CoreModule.dll'
-r:'/Applications/Unity/PlaybackEngines/WebGLSupport/Managed/UnityEngine.AccessibilityModule.dll'
-r:'/Applications/Unity/PlaybackEngines/WebGLSupport/Managed/UnityEngine.ParticleSystemModule.dll'
-r:'/Applications/Unity/PlaybackEngines/WebGLSupport/Managed/UnityEngine.PhysicsModule.dll'
-r:'/Applications/Unity/PlaybackEngines/WebGLSupport/Managed/UnityEngine.VehiclesModule.dll'
-r:'/Applications/Unity/PlaybackEngines/WebGLSupport/Managed/UnityEngine.ClothModule.dll'
-r:'/Applications/Unity/PlaybackEngines/WebGLSupport/Managed/UnityEngine.AIModule.dll'
-r:'/Applications/Unity/PlaybackEngines/WebGLSupport/Managed/UnityEngine.AnimationModule.dll'
-r:'/Applications/Unity/PlaybackEngines/WebGLSupport/Managed/UnityEngine.TextRenderingModule.dll'
-r:'/Applications/Unity/PlaybackEngines/WebGLSupport/Managed/UnityEngine.UIModule.dll'
-r:'/Applications/Unity/PlaybackEngines/WebGLSupport/Managed/UnityEngine.TerrainPhysicsModule.dll'
-r:'/Applications/Unity/PlaybackEngines/WebGLSupport/Managed/UnityEngine.IMGUIModule.dll'
-r:'/Applications/Unity/PlaybackEngines/WebGLSupport/Managed/UnityEngine.UNETModule.dll'
-r:'/Applications/Unity/PlaybackEngines/WebGLSupport/Managed/UnityEngine.DirectorModule.dll'
-r:'/Applications/Unity/PlaybackEngines/WebGLSupport/Managed/UnityEngine.UnityAnalyticsModule.dll'
-r:'/Applications/Unity/PlaybackEngines/WebGLSupport/Managed/UnityEngine.PerformanceReportingModule.dll'
-r:'/Applications/Unity/PlaybackEngines/WebGLSupport/Managed/UnityEngine.UnityConnectModule.dll'
-r:'/Applications/Unity/PlaybackEngines/WebGLSupport/Managed/UnityEngine.WebModule.dll'
-r:'/Applications/Unity/PlaybackEngines/WebGLSupport/Managed/UnityEngine.ARModule.dll'
-r:'/Applications/Unity/PlaybackEngines/WebGLSupport/Managed/UnityEngine.VRModule.dll'
-r:'/Applications/Unity/PlaybackEngines/WebGLSupport/Managed/UnityEngine.UIElementsModule.dll'
-r:'/Applications/Unity/PlaybackEngines/WebGLSupport/Managed/UnityEngine.StyleSheetsModule.dll'
-r:'/Applications/Unity/PlaybackEngines/WebGLSupport/Managed/UnityEngine.AssetBundleModule.dll'
-r:'/Applications/Unity/PlaybackEngines/WebGLSupport/Managed/UnityEngine.AudioModule.dll'
-r:'/Applications/Unity/PlaybackEngines/WebGLSupport/Managed/UnityEngine.CrashReportingModule.dll'
-r:'/Applications/Unity/PlaybackEngines/WebGLSupport/Managed/UnityEngine.GameCenterModule.dll'
-r:'/Applications/Unity/PlaybackEngines/WebGLSupport/Managed/UnityEngine.GridModule.dll'
-r:'/Applications/Unity/PlaybackEngines/WebGLSupport/Managed/UnityEngine.ImageConversionModule.dll'
-r:'/Applications/Unity/PlaybackEngines/WebGLSupport/Managed/UnityEngine.InputModule.dll'
-r:'/Applications/Unity/PlaybackEngines/WebGLSupport/Managed/UnityEngine.JSONSerializeModule.dll'
-r:'/Applications/Unity/PlaybackEngines/WebGLSupport/Managed/UnityEngine.ParticlesLegacyModule.dll'
-r:'/Applications/Unity/PlaybackEngines/WebGLSupport/Managed/UnityEngine.Physics2DModule.dll'
-r:'/Applications/Unity/PlaybackEngines/WebGLSupport/Managed/UnityEngine.ScreenCaptureModule.dll'
-r:'/Applications/Unity/PlaybackEngines/WebGLSupport/Managed/UnityEngine.SharedInternalsModule.dll'
-r:'/Applications/Unity/PlaybackEngines/WebGLSupport/Managed/UnityEngine.SpriteMaskModule.dll'
-r:'/Applications/Unity/PlaybackEngines/WebGLSupport/Managed/UnityEngine.SpriteShapeModule.dll'
-r:'/Applications/Unity/PlaybackEngines/WebGLSupport/Managed/UnityEngine.TerrainModule.dll'
-r:'/Applications/Unity/PlaybackEngines/WebGLSupport/Managed/UnityEngine.TilemapModule.dll'
-r:'/Applications/Unity/PlaybackEngines/WebGLSupport/Managed/UnityEngine.UnityWebRequestModule.dll'
-r:'/Applications/Unity/PlaybackEngines/WebGLSupport/Managed/UnityEngine.UnityWebRequestAudioModule.dll'
-r:'/Applications/Unity/PlaybackEngines/WebGLSupport/Managed/UnityEngine.UnityWebRequestTextureModule.dll'
-r:'/Applications/Unity/PlaybackEngines/WebGLSupport/Managed/UnityEngine.UnityWebRequestWWWModule.dll'
-r:'/Applications/Unity/PlaybackEngines/WebGLSupport/Managed/UnityEngine.VideoModule.dll'
-r:'/Applications/Unity/PlaybackEngines/WebGLSupport/Managed/UnityEngine.WindModule.dll'
-r:'/Applications/Unity/Unity.app/Contents/UnityExtensions/Unity/GUISystem/Standalone/UnityEngine.UI.dll'
-r:'/Applications/Unity/Unity.app/Contents/UnityExtensions/Unity/Networking/Standalone/UnityEngine.Networking.dll'
-r:'/Applications/Unity/Unity.app/Contents/UnityExtensions/Unity/Timeline/Runtime/UnityEngine.Timeline.dll'
-r:'/Users/chauchonghin/Library/Unity/cache/packages/packages.unity.com/com.unity.standardevents@1.0.10/UnityEngine.StandardEvents.dll'
-define:UNITY_5_3_OR_NEWER
-define:UNITY_5_4_OR_NEWER
-define:UNITY_5_5_OR_NEWER
-define:UNITY_5_6_OR_NEWER
-define:UNITY_2017_1_OR_NEWER
-define:UNITY_2017_2_OR_NEWER
-define:UNITY_2017_3_OR_NEWER
-define:UNITY_2017_4_OR_NEWER
-define:UNITY_2017_4_1
-define:UNITY_2017_4
-define:UNITY_2017
-define:ENABLE_AUDIO
-define:ENABLE_CACHING
-define:ENABLE_CLOTH
-define:ENABLE_GENERICS
-define:ENABLE_PVR_GI
-define:ENABLE_MULTIPLE_DISPLAYS
-define:ENABLE_PHYSICS
-define:ENABLE_SPRITERENDERER_FLIPPING
-define:ENABLE_SPRITES
-define:ENABLE_GRID
-define:ENABLE_TILEMAP
-define:ENABLE_TERRAIN
-define:ENABLE_DIRECTOR
-define:ENABLE_UNET
-define:ENABLE_UNITYEVENTS
-define:ENABLE_WEBCAM
-define:ENABLE_WWW
-define:ENABLE_CLOUD_SERVICES_COLLAB
-define:ENABLE_CLOUD_SERVICES_COLLAB_SOFTLOCKS
-define:ENABLE_CLOUD_HUB
-define:ENABLE_CLOUD_PROJECT_ID
-define:ENABLE_CLOUD_SERVICES_USE_WEBREQUEST
-define:ENABLE_CLOUD_SERVICES_UNET
-define:ENABLE_CLOUD_SERVICES_BUILD
-define:ENABLE_CLOUD_LICENSE
-define:ENABLE_EDITOR_HUB
-define:ENABLE_EDITOR_HUB_LICENSE
-define:ENABLE_WEBSOCKET_CLIENT
-define:ENABLE_DIRECTOR_AUDIO
-define:ENABLE_DIRECTOR_TEXTURE
-define:ENABLE_TIMELINE
-define:ENABLE_EDITOR_METRICS
-define:ENABLE_EDITOR_METRICS_CACHING
-define:ENABLE_NATIVE_ARRAY
-define:ENABLE_SPRITE_MASKING
-define:INCLUDE_DYNAMIC_GI
-define:INCLUDE_GI
-define:ENABLE_MONO_BDWGC
-define:RENDER_SOFTWARE_CURSOR
-define:INCLUDE_PUBNUB
-define:ENABLE_PLAYMODE_TESTS_RUNNER
-define:ENABLE_VIDEO
-define:ENABLE_RMGUI
-define:ENABLE_PACKMAN
-define:ENABLE_CUSTOM_RENDER_TEXTURE
-define:ENABLE_STYLE_SHEETS
-define:ENABLE_LOCALIZATION
-define:PLATFORM_WEBGL
-define:UNITY_WEBGL
-define:UNITY_WEBGL_API
-define:UNITY_DISABLE_WEB_VERIFICATION
-define:UNITY_GFX_USE_PLATFORM_VSYNC
-define:ENABLE_CRUNCH_TEXTURE_COMPRESSION
-define:ENABLE_UNITYWEBREQUEST
-define:ENABLE_CLOUD_SERVICES
-define:ENABLE_CLOUD_SERVICES_ADS
-define:ENABLE_CLOUD_SERVICES_ANALYTICS
-define:ENABLE_CLOUD_SERVICES_PURCHASING
-define:ENABLE_CLOUD_SERVICES_CRASH_REPORTING
-define:ENABLE_VR
-define:ENABLE_SPATIALTRACKING
-define:ENABLE_IL2CPP
-define:NET_4_6
'Assets/AnalyzerPack/ScriptReaderPack/AnimationProfileReaderPack/AnimationProfileReaderInterface.cs'
'Assets/AnalyzerPack/ScriptReaderPack/DomainReaderPack/DomainReaderInterface.cs'
'Assets/AnalyzerPack/ScriptReaderPack/PlanReaderPack/PlanReaderInterface.cs'
'Assets/AnalyzerPack/ScriptReaderPack/ProblemReaderPack/ProblemReaderInterface.cs'
'Assets/AnalyzerPack/VisualizerRenderPack/ObjectCreatePack/ObjectCreateInterface.cs'
'Assets/AnalyzerPack/VisualizerRenderPack/ObjectLocationPack/ObjectLocationInterface.cs'
'Assets/AnalyzerPack/VisualizerRenderPack/PredicatesCalculatePack/PredicatesCalculateInterface.cs'
'Assets/AnimationProfile/Script/Helplink.cs'
'Assets/AnimationProfile/Script/Inputfield.cs'
'Assets/AnimationProfile/Script/Objects.cs'
'Assets/AnimationProfile/Script/predicates.cs'
'Assets/AnimationProfile/Script/ScreenManager.cs'
'Assets/Entity/AniProfilePack/AnimationProfileItem.cs'
'Assets/Entity/AniProfilePack/DesItem_Absolute.cs'
'Assets/Entity/AniProfilePack/DesItem_Offset.cs'
'Assets/Entity/AniProfilePack/DesItemBase.cs'
'Assets/Entity/ProjectVisualizePack/PredicateItem.cs'
'Assets/Entity/ProjectVisualizePack/ProjectVisualizeItem.cs'
'Assets/Entity/ProjectVisualizePack/StepItem.cs'
'Assets/Entity/ScriptInfoPack/Script_ObjectItem.cs'
'Assets/Entity/ScriptInfoPack/Script_PredicateItem.cs'
'Assets/Entity/ScriptInfoPack/ScriptInfoItem.cs'
'Assets/FileLoaderSharukh.cs'
'Assets/LoadingScreenController.cs'
'Assets/ProgressAnimation.cs'
'Assets/SerializableDictionary/Example/SerializableDictionaryExample.cs'
'Assets/SerializableDictionary/Example/UserSerializableDictionaries.cs'
'Assets/SerializableDictionary/SerializableDictionary.cs'
'Assets/Visualiser/Fonts/Change_info.cs'
'Assets/Visualiser/Scripts/circleRotator.cs'
'Assets/Visualiser/Scripts/FileUpload/CanvasScript.cs'
'Assets/Visualiser/Scripts/ScenesCoordinator.cs'
'Assets/Visualiser/Scripts/Visualisation/AnimationControl/DetachAniFrameOne.cs'
'Assets/Visualiser/Scripts/Visualisation/SpriteController.cs'
'Assets/Visualiser/Scripts/Visualisation/TransferPack/Enum_TransferType.cs'
'Assets/Visualiser/Scripts/Visualisation/TransferPack/Enum_TwoPhaseAppearType.cs'
'Assets/Visualiser/Scripts/Visualisation/TransferPack/Enum_TwoPhaseDisappearType.cs'
'Assets/Visualiser/Scripts/Visualisation/TransferPack/TransferFactory.cs'
'Assets/Visualiser/Scripts/Visualisation/TransferPack/TransferItemPack/FadeTransferItem.cs'
'Assets/Visualiser/Scripts/Visualisation/TransferPack/TransferItemPack/ITransferItem.cs'
'Assets/Visualiser/Scripts/Visualisation/TransferPack/TransferItemPack/LinerTransferItem.cs'
'Assets/Visualiser/Scripts/Visualisation/TransferPack/TransferItemPack/TwoPhaseTransferItem_Interfaces.cs'
'Assets/Visualiser/Scripts/Visualisation/TransferPack/TransferItemPack/TwoPhaseTransferItem_Main.cs'
'Assets/Visualiser/Scripts/Visualisation/VisualisationModels/ImageDictionary.cs'
'Assets/Visualiser/Scripts/Visualisation/VisualisationModels/VisualSolutionObject.cs'
'Assets/Visualiser/Scripts/Visualisation/VisualisationModels/VisualSpriteObject.cs'
'Assets/Visualiser/Scripts/Visualisation/VisualisationModels/VisualStageObject.cs'
'Assets/Visualiser/Scripts/Visualisation/VisualiserController.cs'
-r:'/Applications/Unity/Unity.app/Contents/MonoBleedingEdge/lib/mono/4.5/System.Runtime.Serialization.dll'
-r:'/Applications/Unity/Unity.app/Contents/MonoBleedingEdge/lib/mono/4.5/System.Xml.Linq.dll'
-r:'/Applications/Unity/Unity.app/Contents/MonoBleedingEdge/lib/mono/4.5/UnityScript.dll'
-r:'/Applications/Unity/Unity.app/Contents/MonoBleedingEdge/lib/mono/4.5/UnityScript.Lang.dll'
-r:'/Applications/Unity/Unity.app/Contents/MonoBleedingEdge/lib/mono/4.5/Boo.Lang.dll'
-sdk:4.6

-----CompilerOutput:-stdout--exitcode: 0--compilationhadfailure: False--outfile: Temp/Assembly-CSharp.dll
Compilation succeeded - 2 warning(s)
-----CompilerOutput:-stderr----------
Assets/Visualiser/Scripts/FileUpload/CanvasScript.cs(14,17): warning CS0108: `CanvasScript.name' hides inherited member `UnityEngine.Object.name'. Use the new keyword if hiding was intended
/Applications/Unity/PlaybackEngines/WebGLSupport/Managed/UnityEngine.CoreModule.dll (Location of the symbol related to previous warning)
Assets/Visualiser/Scripts/Visualisation/VisualiserController.cs(216,29): warning CS0219: The variable `rectTrans' is assigned but its value is never used
-----EndCompilerOutput---------------
- Finished compile Library/ScriptAssemblies/Assembly-CSharp.dll
Symbols will be read from Temp/Assembly-CSharp.dll.mdb
Script Module: Assembly-CSharp.dll
Pass: 0 took 15 milliseconds
Pass: 1 took 4 milliseconds
Assets/Visualiser/Scripts/FileUpload/CanvasScript.cs(14,17): warning CS0108: `CanvasScript.name' hides inherited member `UnityEngine.Object.name'. Use the new keyword if hiding was intended
 
(Filename: Assets/Visualiser/Scripts/FileUpload/CanvasScript.cs Line: 14)

Assets/Visualiser/Scripts/Visualisation/VisualiserController.cs(216,29): warning CS0219: The variable `rectTrans' is assigned but its value is never used
 
(Filename: Assets/Visualiser/Scripts/Visualisation/VisualiserController.cs Line: 216)

DisplayProgressbar: Building Player

Packing sprites:
[     37 MB ]- Collect Sprites to Pack : (SequentialAtlasing : 0) 
[     37 MB ]- Grouping sprites using the selected SpritePackerPolicy.
[     38 MB ][     38 MB ]- Completed grouping sprites to Atlas.
[     38 MB ]- Build Sprite Atlas. 
[     38 MB ]- Packing 0 atlases.
[     38 MB ]- Packing completed.
[     38 MB ]- Update Sprites and Cleanup. 
[     38 MB ]WARNING: Shader Unsupported: 'Hidden/BlitToDepth' - Pass '' has no vertex shader
WARNING: Shader Unsupported: 'Hidden/BlitToDepth' - Setting to default shader.
WARNING: Shader Unsupported: 'Hidden/BlitToDepth_MSAA' - Pass '' has no vertex shader
WARNING: Shader Unsupported: 'Hidden/BlitToDepth_MSAA' - Setting to default shader.
Opening scene 'Assets/Visualiser/Scenes/Landing Page.unity'
Load scene 'Assets/Visualiser/Scenes/Landing Page.unity' time: 0.025513 ms 
Unloading 66 Unused Serialized files (Serialized files now loaded: 0)
System memory in use before: 257.0 MB.
System memory in use after: 257.1 MB.

Unloading 23 unused Assets to reduce memory usage. Loaded Objects now: 2770.
Total: 24.476697 ms (FindLiveObjects: 1.141783 ms CreateObjectMapping: 0.102272 ms MarkObjects: 16.606907 ms  DeleteObjects: 6.624157 ms)

[00:00:00] Enlighten: Precompute started.
[00:00:00] Enlighten: Finished 1 Layout Systems job (0.00s execute, 0.00s integrate, 0.00s wallclock)
[00:00:00] Enlighten: Finished 1 Tetrahedralize Probes job (0.00s execute, 0.00s integrate, 0.01s wallclock)
[00:00:00] Enlighten: Precompute took 0.013286 seconds.
Enlighten scene contents:   0 geometries.   0 instances.   0 systems.   0 probe groups.   0 cube maps. Scene is up-to-date.
[00:00:00] Enlighten: Bake started.
Launched and connected shader compiler UnityShaderCompiler after 0.03 seconds
Setting up 1 worker threads for Enlighten.
  Thread -> id: 70000dddf000 -> priority: 1 
[00:00:00] Enlighten: Finished 1 Bake Runtime job (0.06s execute, 0.00s integrate, 0.12s wallclock)
[00:00:00] Enlighten: Bake took 0.116673 seconds.
[PathTracer] Issuing atlassing job. Atlas hash: bc06a9703e5ae257241f86e6e5e9cb62, width: 1024, height: 1024
[PathTracer] Updated environment lighting, hash a0ae5612a01e52a1cf072c5e67ad01e3.
[PathTracer][LP] Issuing deduplication and tetrahedralization job. Combined: 80257199cfa681a16be5e09b3c2208f4, tetrahedralized probes: 00000000000000000000000000000000, non-tetrahedralized probes: 00000000000000000000000000000000, dependencies: 00000000000000000000000000000000
[PathTracer][LP] Integrating deduplicated and tetrahedralized probes for hash 80257199cfa681a16be5e09b3c2208f4.
[PathTracer] Common reset.
[PathTracer] Lightmap reset.
[PathTracer][LP] Light probes reset.
[PathTracer] building lightmap data asset.
[00:00:00] Enlighten: Reflection Probes started.
[00:00:00] Enlighten: Finished 1 Ambient Probes job (0.00s execute, 0.00s integrate, 0.01s wallclock)
[00:00:00] Enlighten: Finished 1 Reflection Probes job (0.00s execute, 0.00s integrate, 0.01s wallclock)
WARNING: Shader Unsupported: 'Hidden/BlitToDepth' - Pass '' has no vertex shader
WARNING: Shader Unsupported: 'Hidden/BlitToDepth' - Setting to default shader.
WARNING: Shader Unsupported: 'Hidden/BlitToDepth_MSAA' - Pass '' has no vertex shader
WARNING: Shader Unsupported: 'Hidden/BlitToDepth_MSAA' - Setting to default shader.
Opening scene 'Assets/Visualiser/Scenes/Start.unity'
Load scene 'Assets/Visualiser/Scenes/Start.unity' time: 0.017411 ms 
Unloading 23 Unused Serialized files (Serialized files now loaded: 0)
[00:00:00] Enlighten: Reflection Probes took 0.148276 seconds. Cancelled, so not done yet.
System memory in use before: 296.9 MB.
System memory in use after: 296.9 MB.

Unloading 74 unused Assets to reduce memory usage. Loaded Objects now: 2892.
Total: 21.306017 ms (FindLiveObjects: 1.074836 ms CreateObjectMapping: 0.052698 ms MarkObjects: 13.821978 ms  DeleteObjects: 6.355294 ms)

Opening scene 'Assets/Visualiser/Scenes/Visualisation.unity'
Load scene 'Assets/Visualiser/Scenes/Visualisation.unity' time: 0.011517 ms 
Unloading 17 Unused Serialized files (Serialized files now loaded: 0)
System memory in use before: 296.3 MB.
System memory in use after: 296.6 MB.

Unloading 3 unused Assets to reduce memory usage. Loaded Objects now: 3010.
Total: 15.860831 ms (FindLiveObjects: 0.825887 ms CreateObjectMapping: 0.039381 ms MarkObjects: 14.968822 ms  DeleteObjects: 0.025900 ms)

Opening scene 'Assets/Visualiser/Scenes/NetworkError.unity'
Load scene 'Assets/Visualiser/Scenes/NetworkError.unity' time: 0.010478 ms 
Unloading 14 Unused Serialized files (Serialized files now loaded: 0)
System memory in use before: 296.1 MB.
System memory in use after: 296.3 MB.

Unloading 29 unused Assets to reduce memory usage. Loaded Objects now: 2775.
Total: 14.514292 ms (FindLiveObjects: 0.820582 ms CreateObjectMapping: 0.042059 ms MarkObjects: 13.475913 ms  DeleteObjects: 0.174274 ms)

[00:00:00] Enlighten: Precompute started.
[00:00:00] Enlighten: Finished 1 Layout Systems job (0.00s execute, 0.00s integrate, 0.01s wallclock)
[PathTracer] Updated environment lighting, hash 211cb114e1f4180567d2affba2aeeca1.
[00:00:00] Enlighten: Finished 1 Tetrahedralize Probes job (0.00s execute, 0.00s integrate, 0.01s wallclock)
[00:00:00] Enlighten: Precompute took 0.018140 seconds.
Enlighten scene contents:   0 geometries.   0 instances.   0 systems.   0 probe groups.   0 cube maps. Scene is up-to-date.
[PathTracer] Updated environment lighting, hash a0ae5612a01e52a1cf072c5e67ad01e3.
[PathTracer] building lightmap data asset.
[PathTracer] building lightmap data asset.


Mono dependencies included in the build
Dependency assembly - Mono.Posix.dll
Dependency assembly - Mono.Security.dll
Dependency assembly - System.Configuration.dll
Dependency assembly - System.Core.dll
Dependency assembly - System.Security.dll
Dependency assembly - System.Xml.dll
Dependency assembly - System.dll
Dependency assembly - mscorlib.dll
Dependency assembly - UnityEngine.UI.dll
Dependency assembly - UnityEngine.Networking.dll
Dependency assembly - UnityEngine.Timeline.dll
Dependency assembly - Assembly-CSharp.dll
Dependency assembly - UnityEngine.StandardEvents.dll

Unloading 12 Unused Serialized files (Serialized files now loaded: 0)
System memory in use before: 298.2 MB.
System memory in use after: 298.4 MB.

Unloading 16 unused Assets to reduce memory usage. Loaded Objects now: 2726.
Total: 14.005170 ms (FindLiveObjects: 0.893974 ms CreateObjectMapping: 0.045470 ms MarkObjects: 13.020348 ms  DeleteObjects: 0.043815 ms)

Unloading 1 Unused Serialized files (Serialized files now loaded: 0)
System memory in use before: 297.7 MB.
System memory in use after: 298.0 MB.

Unloading 2 unused Assets to reduce memory usage. Loaded Objects now: 2736.
Total: 13.936602 ms (FindLiveObjects: 0.836261 ms CreateObjectMapping: 0.040778 ms MarkObjects: 13.025148 ms  DeleteObjects: 0.033250 ms)

WARNING: Shader Unsupported: 'Hidden/BlitToDepth' - Pass '' has no vertex shader
WARNING: Shader Unsupported: 'Hidden/BlitToDepth' - Setting to default shader.
WARNING: Shader Unsupported: 'Hidden/BlitToDepth_MSAA' - Pass '' has no vertex shader
WARNING: Shader Unsupported: 'Hidden/BlitToDepth_MSAA' - Setting to default shader.
WARNING: Shader Unsupported: 'Standard (Roughness setup)' - Pass 'FORWARD' has no vertex shader
WARNING: Shader Unsupported: 'Standard (Roughness setup)' - Pass 'FORWARD_DELTA' has no vertex shader
WARNING: Shader Unsupported: 'Standard (Roughness setup)' - Pass 'SHADOWCASTER' has no vertex shader
WARNING: Shader Unsupported: 'Particles/Standard Surface' - Pass 'SHADOWCASTER' has no vertex shader
WARNING: Shader Unsupported: 'Particles/Standard Surface' - Pass 'FORWARD' has no vertex shader
WARNING: Shader Unsupported: 'Particles/Standard Surface' - All passes removed
WARNING: Shader Unsupported: 'VR/SpatialMapping/Wireframe' - Pass '' has no vertex shader
WARNING: Shader Unsupported: 'VR/SpatialMapping/Wireframe' - Setting to default shader.
WARNING: Shader Unsupported: 'Hidden/VR/BlitTexArraySlice' - Pass '' has no vertex shader
WARNING: Shader Unsupported: 'Hidden/VR/BlitTexArraySlice' - Setting to default shader.
WARNING: Shader Unsupported: 'Hidden/VR/BlitTexArraySliceToDepth' - Pass '' has no vertex shader
WARNING: Shader Unsupported: 'Hidden/VR/BlitTexArraySliceToDepth' - Setting to default shader.
WARNING: Shader Unsupported: 'Hidden/VR/BlitTexArraySliceToDepth_MSAA' - Pass '' has no vertex shader
WARNING: Shader Unsupported: 'Hidden/VR/BlitTexArraySliceToDepth_MSAA' - Setting to default shader.
WARNING: Shader Unsupported: 'AR/TangoARRender' - Pass '' has no vertex shader
WARNING: Shader Unsupported: 'AR/TangoARRender' - Setting to default shader.
Unloading 1 Unused Serialized files (Serialized files now loaded: 0)
System memory in use before: 342.6 MB.
System memory in use after: 298.2 MB.

Unloading 145 unused Assets to reduce memory usage. Loaded Objects now: 2723.
Total: 81.069418 ms (FindLiveObjects: 0.864720 ms CreateObjectMapping: 0.081679 ms MarkObjects: 13.644772 ms  DeleteObjects: 66.476756 ms)

WARNING: Shader Unsupported: 'Hidden/BlitToDepth' - Pass '' has no vertex shader
WARNING: Shader Unsupported: 'Hidden/BlitToDepth' - Setting to default shader.
WARNING: Shader Unsupported: 'Hidden/BlitToDepth_MSAA' - Pass '' has no vertex shader
WARNING: Shader Unsupported: 'Hidden/BlitToDepth_MSAA' - Setting to default shader.
Launched and connected shader compiler UnityShaderCompiler after 0.06 seconds
Launched and connected shader compiler UnityShaderCompiler after 0.03 seconds
Launched and connected shader compiler UnityShaderCompiler after 0.03 seconds

***Player size statistics***
Level 0 'Assets/Visualiser/Scenes/Landing Page.unity' uses 346.7 KB compressed / 0.8 MB uncompressed.
Level 1 'Assets/Visualiser/Scenes/Start.unity' uses 82.0 KB compressed / 3.6 MB uncompressed.
Level 2 'Assets/Visualiser/Scenes/Visualisation.unity' uses 32.0 KB compressed / 0.5 MB uncompressed.
Level 3 'Assets/Visualiser/Scenes/NetworkError.unity' uses 0.5 MB compressed / 1.0 MB uncompressed.
Total compressed size 1.0 MB. Total uncompressed size 5.9 MB.
DisplayProgressbar: Scripting
DisplayProgressbar: Building Player
Invoking UnityLinker with arguments: --api=NET_4_6 -out="/Users/chauchonghin/Desktop/swen90013-2018-pltest/swen90013-2018-pl/PlanningVisualise/Temp/StagingArea/Data/Managed/tempStrip" -l=none -c=link --link-symbols -x="/Applications/Unity/PlaybackEngines/WebGLSupport/Whitelists/Core.xml" -f="/Applications/Unity/Unity.app/Contents/il2cpp/LinkerDescriptors" -x "/Users/chauchonghin/Desktop/swen90013-2018-pltest/swen90013-2018-pl/PlanningVisualise/Temp/StagingArea/Data/methods_pointedto_by_uievents.xml" -x "/Users/chauchonghin/Desktop/swen90013-2018-pltest/swen90013-2018-pl/PlanningVisualise/Temp/StagingArea/Data/UnityEngine.xml" -x "/Users/chauchonghin/Desktop/swen90013-2018-pltest/swen90013-2018-pl/PlanningVisualise/Temp/StagingArea/Data/preserved_derived_types.xml" -x "/Applications/Unity/Unity.app/Contents/il2cpp/LinkerDescriptors/System45.xml" -x "/Applications/Unity/Unity.app/Contents/il2cpp/LinkerDescriptors/mscorlib45.xml" -d "/Users/chauchonghin/Desktop/swen90013-2018-pltest/swen90013-2018-pl/PlanningVisualise/Temp/StagingArea/Data/Managed" -a  "/Users/chauchonghin/Desktop/swen90013-2018-pltest/swen90013-2018-pl/PlanningVisualise/Temp/StagingArea/Data/Managed/Assembly-CSharp.dll" -a  "/Users/chauchonghin/Desktop/swen90013-2018-pltest/swen90013-2018-pl/PlanningVisualise/Temp/StagingArea/Data/Managed/UnityEngine.UI.dll"
/Applications/Unity/Unity.app/Contents/il2cpp/build/UnityLinker.exe exited after 2116 ms.
/Applications/Unity/Unity.app/Contents/Tools/InternalCallRegistrationWriter/InternalCallRegistrationWriter.exe exited after 211 ms.
DisplayProgressbar: Fetching assembly references
DisplayProgressbar: Building Player
Invoking UnityLinker with arguments: --api=NET_4_6 -out="/Users/chauchonghin/Desktop/swen90013-2018-pltest/swen90013-2018-pl/PlanningVisualise/Temp/StagingArea/Data/Managed/tempStrip" -l=none -c=link --link-symbols -x="/Applications/Unity/PlaybackEngines/WebGLSupport/Whitelists/Core.xml" -f="/Applications/Unity/Unity.app/Contents/il2cpp/LinkerDescriptors" -x "/Users/chauchonghin/Desktop/swen90013-2018-pltest/swen90013-2018-pl/PlanningVisualise/Temp/StagingArea/Data/methods_pointedto_by_uievents.xml" -x "/Users/chauchonghin/Desktop/swen90013-2018-pltest/swen90013-2018-pl/PlanningVisualise/Temp/StagingArea/Data/UnityEngine.xml" -x "/Users/chauchonghin/Desktop/swen90013-2018-pltest/swen90013-2018-pl/PlanningVisualise/Temp/StagingArea/Data/preserved_derived_types.xml" -x "/Applications/Unity/Unity.app/Contents/il2cpp/LinkerDescriptors/System45.xml" -x "/Applications/Unity/Unity.app/Contents/il2cpp/LinkerDescriptors/mscorlib45.xml" -x "/Applications/Unity/PlaybackEngines/WebGLSupport/Whitelists/Animation.xml" -x "/Applications/Unity/PlaybackEngines/WebGLSupport/Whitelists/Audio.xml" -x "/Applications/Unity/PlaybackEngines/WebGLSupport/Whitelists/TextRendering.xml" -x "/Applications/Unity/PlaybackEngines/WebGLSupport/Whitelists/UI.xml" -x "/Applications/Unity/PlaybackEngines/WebGLSupport/Whitelists/UnityConnect.xml" -x "/Applications/Unity/PlaybackEngines/WebGLSupport/Whitelists/IMGUI.xml" -x "/Applications/Unity/PlaybackEngines/WebGLSupport/Whitelists/ImageConversion.xml" -x "/Applications/Unity/PlaybackEngines/WebGLSupport/Whitelists/JSONSerialize.xml" -x "/Applications/Unity/PlaybackEngines/WebGLSupport/Whitelists/UnityWebRequest.xml" -x "/Applications/Unity/PlaybackEngines/WebGLSupport/Whitelists/Core.xml" -x "/Applications/Unity/PlaybackEngines/WebGLSupport/Whitelists/SharedInternals.xml" -d "/Users/chauchonghin/Desktop/swen90013-2018-pltest/swen90013-2018-pl/PlanningVisualise/Temp/StagingArea/Data/Managed" -a  "/Users/chauchonghin/Desktop/swen90013-2018-pltest/swen90013-2018-pl/PlanningVisualise/Temp/StagingArea/Data/Managed/Assembly-CSharp.dll" -a  "/Users/chauchonghin/Desktop/swen90013-2018-pltest/swen90013-2018-pl/PlanningVisualise/Temp/StagingArea/Data/Managed/UnityEngine.UI.dll"
/Applications/Unity/Unity.app/Contents/il2cpp/build/UnityLinker.exe exited after 2010 ms.
/Applications/Unity/Unity.app/Contents/Tools/InternalCallRegistrationWriter/InternalCallRegistrationWriter.exe exited after 190 ms.
DisplayProgressbar: Fetching assembly references
DisplayProgressbar: Building Player
Invoking il2cpp with arguments: --convert-to-cpp --dotnetprofile="net45" --compile-cpp --libil2cpp-static --platform="WebGL" --architecture="EmscriptenJavaScript" --configuration="Release" --outputpath="/Users/chauchonghin/Desktop/swen90013-2018-pltest/swen90013-2018-pl/PlanningVisualise/Assets /../Temp/StagingArea/Data/Native/build.bc" --cachedirectory="/Users/chauchonghin/Desktop/swen90013-2018-pltest/swen90013-2018-pl/PlanningVisualise/Assets/../Library/il2cpp_cache" --compiler-flags="-Oz -DIL2CPP_EXCEPTION_DISABLED=1 " --emit-method-map --additional-libraries="/Applications/Unity/PlaybackEngines/WebGLSupport/BuildTools/lib/modules/WebGLSupport_AIModule_Dynamic.bc" --additional-libraries="/Applications/Unity/PlaybackEngines/WebGLSupport/BuildTools/lib/modules/WebGLSupport_ARModule_Dynamic.bc" --additional-libraries="/Applications/Unity/PlaybackEngines/WebGLSupport/BuildTools/lib/modules/WebGLSupport_AccessibilityModule_Dynamic.bc" --additional-libraries="/Applications/Unity/PlaybackEngines/WebGLSupport/BuildTools/lib/modules/WebGLSupport_AnimationModule_Dynamic.bc" --additional-libraries="/Applications/Unity/PlaybackEngines/WebGLSupport/BuildTools/lib/modules/WebGLSupport_AssetBundleModule_Dynamic.bc" --additional-libraries="/Applications/Unity/PlaybackEngines/WebGLSupport/BuildTools/lib/modules/WebGLSupport_AudioModule_Dynamic.bc" --additional-libraries="/Applications/Unity/PlaybackEngines/WebGLSupport/BuildTools/lib/modules/WebGLSupport_BaselibModule_Dynamic.bc" --additional-libraries="/Applications/Unity/PlaybackEngines/WebGLSupport/BuildTools/lib/modules/WebGLSupport_ClothModule_Dynamic.bc" --additional-libraries="/Applications/Unity/PlaybackEngines/WebGLSupport/BuildTools/lib/modules/WebGLSupport_CloudWebServicesModule_Dynamic.bc" --additional-libraries="/Applications/Unity/PlaybackEngines/WebGLSupport/BuildTools/lib/modules/WebGLSupport_CoreModule_Dynamic.bc" --additional-libraries="/Applications/Unity/PlaybackEngines/WebGLSupport/BuildTools/lib/modules/WebGLSupport_CrashReportingModule_Dynamic.bc" --additional-libraries="/Applications/Unity/PlaybackEngines/WebGLSupport/BuildTools/lib/modules/WebGLSupport_DirectorModule_Dynamic.bc" --additional-libraries="/Applications/Unity/PlaybackEngines/WebGLSupport/BuildTools/lib/modules/WebGLSupport_FacebookModule_Dynamic.bc" --additional-libraries="/Applications/Unity/PlaybackEngines/WebGLSupport/BuildTools/lib/modules/WebGLSupport_GameCenterModule_Dynamic.bc" --additional-libraries="/Applications/Unity/PlaybackEngines/WebGLSupport/BuildTools/lib/modules/WebGLSupport_GridModule_Dynamic.bc" --additional-libraries="/Applications/Unity/PlaybackEngines/WebGLSupport/BuildTools/lib/modules/WebGLSupport_HotReloadModule_Dynamic.bc" --additional-libraries="/Applications/Unity/PlaybackEngines/WebGLSupport/BuildTools/lib/modules/WebGLSupport_IMGUIModule_Dynamic.bc" --additional-libraries="/Applications/Unity/PlaybackEngines/WebGLSupport/BuildTools/lib/modules/WebGLSupport_ImageConversionModule_Dynamic.bc" --additional-libraries="/Applications/Unity/PlaybackEngines/WebGLSupport/BuildTools/lib/modules/WebGLSupport_InputModule_Dynamic.bc" --additional-libraries="/Applications/Unity/PlaybackEngines/WebGLSupport/BuildTools/lib/modules/WebGLSupport_JSONSerializeModule_Dynamic.bc" --additional-libraries="/Applications/Unity/PlaybackEngines/WebGLSupport/BuildTools/lib/modules/WebGLSupport_ParticleSystemModule_Dynamic.bc" --additional-libraries="/Applications/Unity/PlaybackEngines/WebGLSupport/BuildTools/lib/modules/WebGLSupport_ParticlesLegacyModule_Dynamic.bc" --additional-libraries="/Applications/Unity/PlaybackEngines/WebGLSupport/BuildTools/lib/modules/WebGLSupport_PerformanceReportingModule_Dynamic.bc" --additional-libraries="/Applications/Unity/PlaybackEngines/WebGLSupport/BuildTools/lib/modules/WebGLSupport_Physics2DModule_Dynamic.bc" --additional-libraries="/Applications/Unity/PlaybackEngines/WebGLSupport/BuildTools/lib/modules/WebGLSupport_PhysicsModule_Dynamic.bc" --additional-libraries="/Applications/Unity/PlaybackEngines/WebGLSupport/BuildTools/lib/modules/WebGLSupport_ScreenCaptureModule_Dynamic.bc" --additional-libraries="/Applications/Unity/PlaybackEngines/WebGLSupport/BuildTools/lib/modules/WebGLSupport_SharedInternalsModule_Dynamic.bc" --additional-libraries="/Applications/Unity/PlaybackEngines/WebGLSupport/BuildTools/lib/modules/WebGLSupport_SpatialTrackingModule_Dynamic.bc" --additional-libraries="/Applications/Unity/PlaybackEngines/WebGLSupport/BuildTools/lib/modules/WebGLSupport_SpriteMaskModule_Dynamic.bc" --additional-libraries="/Applications/Unity/PlaybackEngines/WebGLSupport/BuildTools/lib/modules/WebGLSupport_SpriteShapeModule_Dynamic.bc" --additional-libraries="/Applications/Unity/PlaybackEngines/WebGLSupport/BuildTools/lib/modules/WebGLSupport_StyleSheetsModule_Dynamic.bc" --additional-libraries="/Applications/Unity/PlaybackEngines/WebGLSupport/BuildTools/lib/modules/WebGLSupport_TerrainModule_Dynamic.bc" --additional-libraries="/Applications/Unity/PlaybackEngines/WebGLSupport/BuildTools/lib/modules/WebGLSupport_TerrainPhysicsModule_Dynamic.bc" --additional-libraries="/Applications/Unity/PlaybackEngines/WebGLSupport/BuildTools/lib/modules/WebGLSupport_TextRenderingModule_Dynamic.bc" --additional-libraries="/Applications/Unity/PlaybackEngines/WebGLSupport/BuildTools/lib/modules/WebGLSupport_TilemapModule_Dynamic.bc" --additional-libraries="/Applications/Unity/PlaybackEngines/WebGLSupport/BuildTools/lib/modules/WebGLSupport_TimelineModule_Dynamic.bc" --additional-libraries="/Applications/Unity/PlaybackEngines/WebGLSupport/BuildTools/lib/modules/WebGLSupport_UIElementsModule_Dynamic.bc" --additional-libraries="/Applications/Unity/PlaybackEngines/WebGLSupport/BuildTools/lib/modules/WebGLSupport_UIModule_Dynamic.bc" --additional-libraries="/Applications/Unity/PlaybackEngines/WebGLSupport/BuildTools/lib/modules/WebGLSupport_UNETModule_Dynamic.bc" --additional-libraries="/Applications/Unity/PlaybackEngines/WebGLSupport/BuildTools/lib/modules/WebGLSupport_UmbraModule_Dynamic.bc" --additional-libraries="/Applications/Unity/PlaybackEngines/WebGLSupport/BuildTools/lib/modules/WebGLSupport_UnityAnalyticsModule_Dynamic.bc" --additional-libraries="/Applications/Unity/PlaybackEngines/WebGLSupport/BuildTools/lib/modules/WebGLSupport_UnityConnectModule_Dynamic.bc" --additional-libraries="/Applications/Unity/PlaybackEngines/WebGLSupport/BuildTools/lib/modules/WebGLSupport_UnityWebRequestAudioModule_Dynamic.bc" --additional-libraries="/Applications/Unity/PlaybackEngines/WebGLSupport/BuildTools/lib/modules/WebGLSupport_UnityWebRequestModule_Dynamic.bc" --additional-libraries="/Applications/Unity/PlaybackEngines/WebGLSupport/BuildTools/lib/modules/WebGLSupport_UnityWebRequestTextureModule_Dynamic.bc" --additional-libraries="/Applications/Unity/PlaybackEngines/WebGLSupport/BuildTools/lib/modules/WebGLSupport_UnityWebRequestWWWModule_Dynamic.bc" --additional-libraries="/Applications/Unity/PlaybackEngines/WebGLSupport/BuildTools/lib/modules/WebGLSupport_VRModule_Dynamic.bc" --additional-libraries="/Applications/Unity/PlaybackEngines/WebGLSupport/BuildTools/lib/modules/WebGLSupport_VehiclesModule_Dynamic.bc" --additional-libraries="/Applications/Unity/PlaybackEngines/WebGLSupport/BuildTools/lib/modules/WebGLSupport_VideoModule_Dynamic.bc" --additional-libraries="/Applications/Unity/PlaybackEngines/WebGLSupport/BuildTools/lib/modules/WebGLSupport_WebModule_Dynamic.bc" --additional-libraries="/Applications/Unity/PlaybackEngines/WebGLSupport/BuildTools/lib/modules/WebGLSupport_WindModule_Dynamic.bc" --map-file-parser="/Applications/Unity/Unity.app/Contents/Tools/MapFileParser/MapFileParser" --assembly="/Users/chauchonghin/Desktop/swen90013-2018-pltest/swen90013-2018-pl/PlanningVisualise/Temp/StagingArea/Data/Managed/Assembly-CSharp.dll" --assembly="/Users/chauchonghin/Desktop/swen90013-2018-pltest/swen90013-2018-pl/PlanningVisualise/Temp/StagingArea/Data/Managed/UnityEngine.UI.dll" --assembly="/Users/chauchonghin/Desktop/swen90013-2018-pltest/swen90013-2018-pl/PlanningVisualise/Temp/StagingArea/Data/Managed/UnityEngine.dll" --generatedcppdir="/Users/chauchonghin/Desktop/swen90013-2018-pltest/swen90013-2018-pl/PlanningVisualise/Temp/StagingArea/Data/il2cppOutput" 
/Applications/Unity/Unity.app/Contents/il2cpp/build/il2cppcore/il2cppcore.dll exited after 98318 ms.
DisplayProgressbar: Scripting
Filename: python
Arguments: "/Applications/Unity/PlaybackEngines/WebGLSupport/BuildTools/Emscripten/emcc" @"/Users/chauchonghin/Desktop/swen90013-2018-pltest/swen90013-2018-pl/PlanningVisualise/Assets/../Temp/emcc_arguments.resp"
index: -1
18170 functions replaced.
1191 functions replaced.
DisplayProgressbar: Files
DisplayProgressbar: Compress
Filename: /Applications/Unity/Unity.app/Contents/Tools/7za
Arguments: a -tgzip "/Users/chauchonghin/Desktop/swen90013-2018-pltest/swen90013-2018-pl/PlanningVisualise/Temp/StagingArea/Data/Output/Build/.asm.code.unityweb.compressed" "/Users/chauchonghin/Desktop/swen90013-2018-pltest/swen90013-2018-pl/PlanningVisualise/Temp/StagingArea/Data/Output/Build/.asm.code.unityweb"
index: -1
Filename: /Applications/Unity/Unity.app/Contents/Tools/7za
Arguments: a -tgzip "/Users/chauchonghin/Desktop/swen90013-2018-pltest/swen90013-2018-pl/PlanningVisualise/Temp/StagingArea/Data/Output/Build/.asm.framework.unityweb.compressed" "/Users/chauchonghin/Desktop/swen90013-2018-pltest/swen90013-2018-pl/PlanningVisualise/Temp/StagingArea/Data/Output/Build/.asm.framework.unityweb"
index: -1
Filename: /Applications/Unity/Unity.app/Contents/Tools/7za
Arguments: a -tgzip "/Users/chauchonghin/Desktop/swen90013-2018-pltest/swen90013-2018-pl/PlanningVisualise/Temp/StagingArea/Data/Output/Build/.asm.memory.unityweb.compressed" "/Users/chauchonghin/Desktop/swen90013-2018-pltest/swen90013-2018-pl/PlanningVisualise/Temp/StagingArea/Data/Output/Build/.asm.memory.unityweb"
index: -1
Filename: /Applications/Unity/Unity.app/Contents/Tools/7za
Arguments: a -tgzip "/Users/chauchonghin/Desktop/swen90013-2018-pltest/swen90013-2018-pl/PlanningVisualise/Temp/StagingArea/Data/Output/Build/.data.unityweb.compressed" "/Users/chauchonghin/Desktop/swen90013-2018-pltest/swen90013-2018-pl/PlanningVisualise/Temp/StagingArea/Data/Output/Build/.data.unityweb"
index: -1
DisplayProgressbar: Files

-------------------------------------------------------------------------------
Build Report
Uncompressed usage by category:
Textures      4.0 mb	 16.5% 
Meshes        0.0 kb	 0.0% 
Animations    4.7 kb	 0.0% 
Sounds        0.0 kb	 0.0% 
Shaders       11.5 kb	 0.0% 
Other Assets  1.1 mb	 4.5% 
Levels        336.0 kb	 1.3% 
Scripts       663.3 kb	 2.7% 
Included DLLs 10.9 mb	 44.9% 
File headers  26.0 kb	 0.1% 
Complete size 24.4 mb	 100.0% 

Used Assets and files from the Resources folder, sorted by uncompressed size:
 3.0 mb	 12.2% Assets/Visualiser/Sprites/attachfiles.PNG
 757.7 kb	 3.0% Assets/Visualiser/Resources/Arial.ttf
 365.0 kb	 1.5% Assets/Visualiser/Sprites/blue sprite.png
 331.3 kb	 1.3% Assets/Visualiser/Fonts/Vollkorn-Regular.ttf
 261.8 kb	 1.0% Assets/Visualiser/Sprites/Circle-Solid-Question-512.png
 148.2 kb	 0.6% Assets/Visualiser/Sprites/BUTTONS.png
 113.0 kb	 0.5% Assets/Visualiser/Sprites/grey2.png
 57.7 kb	 0.2% Resources/unity_builtin_extra
 47.4 kb	 0.2% Assets/Visualiser/Sprites/line.png
 25.0 kb	 0.1% Assets/Visualiser/Images/picker (2).png
 11.7 kb	 0.0% Assets/Visualiser/Sprites/icons8_Home_104px.png
 11.0 kb	 0.0% Assets/Visualiser/Sprites/icons8_Start_100px.png
 10.6 kb	 0.0% Assets/Visualiser/Images/pause.png
 10.6 kb	 0.0% Assets/Visualiser/Images/play-button (1).png
 10.6 kb	 0.0% Assets/Visualiser/Sprites/icons8_No_100px_1.png
 10.5 kb	 0.0% Assets/Visualiser/Images/fast-forward.png
 10.4 kb	 0.0% Assets/Visualiser/Images/rewind.png
 4.7 kb	 0.0% Assets/Visualiser/Sprites/981080-64.png
 4.1 kb	 0.0% /Applications/Unity/Unity.app/Contents/UnityExtensions/Unity/GUISystem/UnityEngine.UI.dll
 4.1 kb	 0.0% /Applications/Unity/Unity.app/Contents/UnityExtensions/Unity/GUISystem/Standalone/UnityEngine.UI.dll
 3.4 kb	 0.0% Assets/Visualiser/Animations/SpriteFadeAC.controller
 3.0 kb	 0.0% Assets/Visualiser/Images/replay.png
 2.4 kb	 0.0% Assets/Visualiser/Animations/FadeOut.anim
 2.4 kb	 0.0% Assets/Visualiser/Animations/FadeIn.anim
 1.8 kb	 0.0% /Applications/Unity/Unity.app/Contents/UnityExtensions/Unity/Networking/UnityEngine.Networking.dll
 1.8 kb	 0.0% /Applications/Unity/Unity.app/Contents/UnityExtensions/Unity/Networking/Standalone/UnityEngine.Networking.dll
 1.7 kb	 0.0% Assets/Visualiser/Scenes/Step8.prefab
 1.5 kb	 0.0% Assets/Visualiser/Images/substract (2).png
 1.5 kb	 0.0% /Applications/Unity/Unity.app/Contents/UnityExtensions/Unity/Timeline/RuntimeEditor/UnityEngine.Timeline.dll
 1.5 kb	 0.0% /Applications/Unity/Unity.app/Contents/UnityExtensions/Unity/Timeline/Runtime/UnityEngine.Timeline.dll
 1.4 kb	 0.0% Assets/Visualiser/Sprites/loadingCircle (1).png
 0.7 kb	 0.0% /Applications/Unity/Unity.app/Contents/UnityExtensions/Unity/UnityHoloLens/RuntimeEditor/UnityEngine.HoloLens.dll
 0.7 kb	 0.0% /Applications/Unity/Unity.app/Contents/UnityExtensions/Unity/UnityHoloLens/Runtime/UnityEngine.HoloLens.dll
 0.6 kb	 0.0% /Applications/Unity/Unity.app/Contents/UnityExtensions/Unity/UnityGoogleAudioSpatializer/RuntimeEditor/UnityEngine.GoogleAudioSpatializer.dll
 0.6 kb	 0.0% /Applications/Unity/Unity.app/Contents/UnityExtensions/Unity/UnityGoogleAudioSpatializer/Runtime/UnityEngine.GoogleAudioSpatializer.dll
 0.6 kb	 0.0% Assets/Visualiser/Resources/EmptyVisualSprite.prefab
 0.5 kb	 0.0% Assets/Visualiser/Resources/Board.prefab
 0.5 kb	 0.0% Assets/Visualiser/Resources/Block.prefab
 0.5 kb	 0.0% Assets/Visualiser/Resources/Claw.prefab
 0.4 kb	 0.0% /Applications/Unity/Unity.app/Contents/UnityExtensions/Unity/TestRunner/UnityEngine.TestRunner.dll
 0.4 kb	 0.0% Assets/Visualiser/Resources/Text.prefab
 0.3 kb	 0.0% Packages/com.unity.analytics/UnityEngine.Analytics.dll
 0.3 kb	 0.0% Packages/com.unity.ads/UnityEngine.Advertisements.dll
 0.2 kb	 0.0% Assets/AnalyzerPack/ScriptReaderPack/AnimationProfileReaderPack/AnimationProfileReaderInterface.cs
 0.2 kb	 0.0% Assets/AnalyzerPack/VisualizerRenderPack/PredicatesCalculatePack/PredicatesCalculateInterface.cs
 0.2 kb	 0.0% Assets/AnalyzerPack/VisualizerRenderPack/ObjectLocationPack/ObjectLocationInterface.cs
 0.2 kb	 0.0% Assets/AnalyzerPack/VisualizerRenderPack/ObjectCreatePack/ObjectCreateInterface.cs
 0.2 kb	 0.0% Assets/AnalyzerPack/ScriptReaderPack/ProblemReaderPack/ProblemReaderInterface.cs
 0.2 kb	 0.0% Assets/AnalyzerPack/ScriptReaderPack/DomainReaderPack/DomainReaderInterface.cs
 0.2 kb	 0.0% Assets/Visualiser/Resources/EmptyUIObject.prefab
 0.2 kb	 0.0% Assets/AnalyzerPack/ScriptReaderPack/PlanReaderPack/PlanReaderInterface.cs
 0.1 kb	 0.0% Assets/Entity/ProjectVisualizePack/ProjectVisualizeItem.cs
 0.1 kb	 0.0% Assets/Prefebs/SceneManager.prefab
 0.1 kb	 0.0% Assets/Entity/ScriptInfoPack/Script_PredicateItem.cs
 0.1 kb	 0.0% Assets/Entity/ScriptInfoPack/Script_ObjectItem.cs
 0.1 kb	 0.0% Assets/Entity/ProjectVisualizePack/PredicateItem.cs
 0.1 kb	 0.0% Assets/Entity/AniProfilePack/AnimationProfileItem.cs
 0.1 kb	 0.0% Assets/Entity/ScriptInfoPack/ScriptInfoItem.cs
 0.1 kb	 0.0% Assets/Entity/AniProfilePack/DesItem_Offset.cs
 0.1 kb	 0.0% Assets/Entity/AniProfilePack/DesItem_Absolute.cs
 0.1 kb	 0.0% /Applications/Unity/Unity.app/Contents/UnityExtensions/Unity/UnitySpatialTracking/RuntimeEditor/UnityEngine.SpatialTracking.dll
 0.1 kb	 0.0% /Applications/Unity/Unity.app/Contents/UnityExtensions/Unity/UnitySpatialTracking/Runtime/UnityEngine.SpatialTracking.dll
 0.1 kb	 0.0% Assets/Visualiser/Scripts/Visualisation/TransferPack/TransferItemPack/LinerTransferItem.cs
 0.1 kb	 0.0% Assets/Entity/ProjectVisualizePack/StepItem.cs
 0.1 kb	 0.0% Assets/Entity/AniProfilePack/DesItemBase.cs
 0.1 kb	 0.0% Assets/Visualiser/Scripts/Visualisation/TransferPack/TransferItemPack/TwoPhaseTransferItem_Interfaces.cs
 0.1 kb	 0.0% Assets/Visualiser/Scripts/Visualisation/TransferPack/TransferItemPack/ITransferItem.cs
 0.1 kb	 0.0% Assets/Visualiser/Scripts/Visualisation/TransferPack/TransferItemPack/FadeTransferItem.cs
 0.1 kb	 0.0% Assets/SerializableDictionary/Example/SerializableDictionaryExample.cs
 0.1 kb	 0.0% Assets/Visualiser/Scripts/Visualisation/TransferPack/Enum_TwoPhaseAppearType.cs
 0.1 kb	 0.0% Assets/Visualiser/Scripts/Visualisation/TransferPack/TransferItemPack/TwoPhaseTransferItem_Main.cs
 0.1 kb	 0.0% Assets/Visualiser/Scripts/Visualisation/TransferPack/Enum_TwoPhaseDisappearType.cs
 0.1 kb	 0.0% Assets/SerializableDictionary/Example/UserSerializableDictionaries.cs
 0.1 kb	 0.0% Assets/Visualiser/Scripts/Visualisation/VisualiserController.cs
 0.1 kb	 0.0% Assets/Visualiser/Scripts/Visualisation/VisualisationModels/VisualStageObject.cs
 0.1 kb	 0.0% Assets/Visualiser/Scripts/Visualisation/VisualisationModels/VisualSpriteObject.cs
 0.1 kb	 0.0% Assets/Visualiser/Scripts/Visualisation/VisualisationModels/VisualSolutionObject.cs
 0.1 kb	 0.0% Assets/SerializableDictionary/SerializableDictionary.cs
 0.1 kb	 0.0% Assets/LoadingScreenController.cs
 0.1 kb	 0.0% Assets/Visualiser/Scripts/Visualisation/TransferPack/TransferFactory.cs
 0.1 kb	 0.0% Assets/Visualiser/Scripts/Visualisation/SpriteController.cs
 0.1 kb	 0.0% Assets/Visualiser/Scripts/Visualisation/TransferPack/Enum_TransferType.cs
 0.1 kb	 0.0% Assets/Visualiser/Scripts/Visualisation/AnimationControl/DetachAniFrameOne.cs
 0.1 kb	 0.0% Assets/Visualiser/Scripts/ScenesCoordinator.cs
 0.1 kb	 0.0% Assets/ProgressAnimation.cs
 0.1 kb	 0.0% Assets/FileLoaderSharukh.cs
 0.1 kb	 0.0% Assets/Visualiser/Scripts/circleRotator.cs
 0.1 kb	 0.0% Assets/Visualiser/Scripts/Visualisation/VisualisationModels/ImageDictionary.cs
 0.1 kb	 0.0% Assets/AnimationProfile/Script/ScreenManager.cs
 0.1 kb	 0.0% Assets/Visualiser/Scripts/FileUpload/CanvasScript.cs
 0.1 kb	 0.0% Assets/Visualiser/Fonts/Change_info.cs
 0.1 kb	 0.0% Assets/AnimationProfile/Script/predicates.cs
 0.1 kb	 0.0% Assets/AnimationProfile/Script/Inputfield.cs
 0.1 kb	 0.0% Assets/AnimationProfile/Script/Objects.cs
 0.1 kb	 0.0% Assets/AnimationProfile/Script/Helplink.cs
-------------------------------------------------------------------------------
Unloading 43 Unused Serialized files (Serialized files now loaded: 0)
System memory in use before: 303.2 MB.
System memory in use after: 303.1 MB.

Unloading 117 unused Assets to reduce memory usage. Loaded Objects now: 2740.
Total: 40.780512 ms (FindLiveObjects: 1.094197 ms CreateObjectMapping: 0.245745 ms MarkObjects: 30.290066 ms  DeleteObjects: 9.149305 ms)

Load scene 'Temp/__Backupscenes/0.backup' time: 0.073263 ms 
Unloading 0 Unused Serialized files (Serialized files now loaded: 0)
System memory in use before: 300.3 MB.
System memory in use after: 300.5 MB.

Unloading 0 unused Assets to reduce memory usage. Loaded Objects now: 2730.
Total: 17.594616 ms (FindLiveObjects: 0.888858 ms CreateObjectMapping: 0.028935 ms MarkObjects: 16.661506 ms  DeleteObjects: 0.014430 ms)


*** Completed 'Build.Player.WebGLSupport' in 223 seconds (222538 ms)

- Starting compile Library/ScriptAssemblies/Assembly-CSharp.dll

-----Compiler Commandline Arguments:
Filename: /Applications/Unity/Unity.app/Contents/MonoBleedingEdge/bin/mono
Arguments: '/Applications/Unity/Unity.app/Contents/MonoBleedingEdge/lib/mono/4.5/mcs.exe'  @Temp/UnityTempFile-352f27a84f97547b99638bcad4ade111
index: 81
Responsefile: Temp/UnityTempFile-352f27a84f97547b99638bcad4ade111 Contents: 
-debug
-target:library
-nowarn:0169
-langversion:6
-out:'Temp/Assembly-CSharp.dll'
-unsafe
-r:'/Applications/Unity/Unity.app/Contents/Managed/UnityEditor.dll'
-r:'/Applications/Unity/Unity.app/Contents/Managed/UnityEngine/UnityEngine.dll'
-r:'/Applications/Unity/Unity.app/Contents/Managed/UnityEngine/UnityEngine.CoreModule.dll'
-r:'/Applications/Unity/Unity.app/Contents/Managed/UnityEngine/UnityEngine.AccessibilityModule.dll'
-r:'/Applications/Unity/Unity.app/Contents/Managed/UnityEngine/UnityEngine.ParticleSystemModule.dll'
-r:'/Applications/Unity/Unity.app/Contents/Managed/UnityEngine/UnityEngine.PhysicsModule.dll'
-r:'/Applications/Unity/Unity.app/Contents/Managed/UnityEngine/UnityEngine.VehiclesModule.dll'
-r:'/Applications/Unity/Unity.app/Contents/Managed/UnityEngine/UnityEngine.ClothModule.dll'
-r:'/Applications/Unity/Unity.app/Contents/Managed/UnityEngine/UnityEngine.AIModule.dll'
-r:'/Applications/Unity/Unity.app/Contents/Managed/UnityEngine/UnityEngine.AnimationModule.dll'
-r:'/Applications/Unity/Unity.app/Contents/Managed/UnityEngine/UnityEngine.TextRenderingModule.dll'
-r:'/Applications/Unity/Unity.app/Contents/Managed/UnityEngine/UnityEngine.UIModule.dll'
-r:'/Applications/Unity/Unity.app/Contents/Managed/UnityEngine/UnityEngine.TerrainPhysicsModule.dll'
-r:'/Applications/Unity/Unity.app/Contents/Managed/UnityEngine/UnityEngine.IMGUIModule.dll'
-r:'/Applications/Unity/Unity.app/Contents/Managed/UnityEngine/UnityEngine.ClusterInputModule.dll'
-r:'/Applications/Unity/Unity.app/Contents/Managed/UnityEngine/UnityEngine.ClusterRendererModule.dll'
-r:'/Applications/Unity/Unity.app/Contents/Managed/UnityEngine/UnityEngine.UNETModule.dll'
-r:'/Applications/Unity/Unity.app/Contents/Managed/UnityEngine/UnityEngine.DirectorModule.dll'
-r:'/Applications/Unity/Unity.app/Contents/Managed/UnityEngine/UnityEngine.UnityAnalyticsModule.dll'
-r:'/Applications/Unity/Unity.app/Contents/Managed/UnityEngine/UnityEngine.PerformanceReportingModule.dll'
-r:'/Applications/Unity/Unity.app/Contents/Managed/UnityEngine/UnityEngine.UnityConnectModule.dll'
-r:'/Applications/Unity/Unity.app/Contents/Managed/UnityEngine/UnityEngine.WebModule.dll'
-r:'/Applications/Unity/Unity.app/Contents/Managed/UnityEngine/UnityEngine.ARModule.dll'
-r:'/Applications/Unity/Unity.app/Contents/Managed/UnityEngine/UnityEngine.VRModule.dll'
-r:'/Applications/Unity/Unity.app/Contents/Managed/UnityEngine/UnityEngine.UIElementsModule.dll'
-r:'/Applications/Unity/Unity.app/Contents/Managed/UnityEngine/UnityEngine.StyleSheetsModule.dll'
-r:'/Applications/Unity/Unity.app/Contents/Managed/UnityEngine/UnityEngine.AssetBundleModule.dll'
-r:'/Applications/Unity/Unity.app/Contents/Managed/UnityEngine/UnityEngine.AudioModule.dll'
-r:'/Applications/Unity/Unity.app/Contents/Managed/UnityEngine/UnityEngine.CrashReportingModule.dll'
-r:'/Applications/Unity/Unity.app/Contents/Managed/UnityEngine/UnityEngine.GameCenterModule.dll'
-r:'/Applications/Unity/Unity.app/Contents/Managed/UnityEngine/UnityEngine.GridModule.dll'
-r:'/Applications/Unity/Unity.app/Contents/Managed/UnityEngine/UnityEngine.ImageConversionModule.dll'
-r:'/Applications/Unity/Unity.app/Contents/Managed/UnityEngine/UnityEngine.InputModule.dll'
-r:'/Applications/Unity/Unity.app/Contents/Managed/UnityEngine/UnityEngine.JSONSerializeModule.dll'
-r:'/Applications/Unity/Unity.app/Contents/Managed/UnityEngine/UnityEngine.ParticlesLegacyModule.dll'
-r:'/Applications/Unity/Unity.app/Contents/Managed/UnityEngine/UnityEngine.Physics2DModule.dll'
-r:'/Applications/Unity/Unity.app/Contents/Managed/UnityEngine/UnityEngine.ScreenCaptureModule.dll'
-r:'/Applications/Unity/Unity.app/Contents/Managed/UnityEngine/UnityEngine.SharedInternalsModule.dll'
-r:'/Applications/Unity/Unity.app/Contents/Managed/UnityEngine/UnityEngine.SpriteMaskModule.dll'
-r:'/Applications/Unity/Unity.app/Contents/Managed/UnityEngine/UnityEngine.SpriteShapeModule.dll'
-r:'/Applications/Unity/Unity.app/Contents/Managed/UnityEngine/UnityEngine.TerrainModule.dll'
-r:'/Applications/Unity/Unity.app/Contents/Managed/UnityEngine/UnityEngine.TilemapModule.dll'
-r:'/Applications/Unity/Unity.app/Contents/Managed/UnityEngine/UnityEngine.UnityWebRequestModule.dll'
-r:'/Applications/Unity/Unity.app/Contents/Managed/UnityEngine/UnityEngine.UnityWebRequestAudioModule.dll'
-r:'/Applications/Unity/Unity.app/Contents/Managed/UnityEngine/UnityEngine.UnityWebRequestTextureModule.dll'
-r:'/Applications/Unity/Unity.app/Contents/Managed/UnityEngine/UnityEngine.UnityWebRequestWWWModule.dll'
-r:'/Applications/Unity/Unity.app/Contents/Managed/UnityEngine/UnityEngine.VideoModule.dll'
-r:'/Applications/Unity/Unity.app/Contents/Managed/UnityEngine/UnityEngine.WindModule.dll'
-r:'/Applications/Unity/Unity.app/Contents/UnityExtensions/Unity/GUISystem/UnityEngine.UI.dll'
-r:'/Applications/Unity/Unity.app/Contents/UnityExtensions/Unity/Networking/UnityEngine.Networking.dll'
-r:'/Applications/Unity/Unity.app/Contents/UnityExtensions/Unity/TestRunner/UnityEngine.TestRunner.dll'
-r:'/Applications/Unity/Unity.app/Contents/UnityExtensions/Unity/TestRunner/net35/unity-custom/nunit.framework.dll'
-r:'/Applications/Unity/Unity.app/Contents/UnityExtensions/Unity/Timeline/RuntimeEditor/UnityEngine.Timeline.dll'
-r:'/Applications/Unity/Unity.app/Contents/UnityExtensions/Unity/UIAutomation/UnityEngine.UIAutomation.dll'
-r:'/Applications/Unity/Unity.app/Contents/UnityExtensions/Unity/UnityGoogleAudioSpatializer/RuntimeEditor/UnityEngine.GoogleAudioSpatializer.dll'
-r:'/Applications/Unity/Unity.app/Contents/UnityExtensions/Unity/UnityHoloLens/RuntimeEditor/UnityEngine.HoloLens.dll'
-r:'/Applications/Unity/Unity.app/Contents/UnityExtensions/Unity/UnitySpatialTracking/RuntimeEditor/UnityEngine.SpatialTracking.dll'
-r:'/Users/chauchonghin/Library/Unity/cache/packages/packages.unity.com/com.unity.ads@2.0.3/UnityEngine.Advertisements.dll'
-r:'/Users/chauchonghin/Library/Unity/cache/packages/packages.unity.com/com.unity.analytics@2.0.13/UnityEngine.Analytics.dll'
-r:'/Users/chauchonghin/Library/Unity/cache/packages/packages.unity.com/com.unity.purchasing@0.0.19/UnityEngine.Purchasing.dll'
-r:'/Users/chauchonghin/Library/Unity/cache/packages/packages.unity.com/com.unity.standardevents@1.0.10/UnityEngine.StandardEvents.dll'
-define:UNITY_5_3_OR_NEWER
-define:UNITY_5_4_OR_NEWER
-define:UNITY_5_5_OR_NEWER
-define:UNITY_5_6_OR_NEWER
-define:UNITY_2017_1_OR_NEWER
-define:UNITY_2017_2_OR_NEWER
-define:UNITY_2017_3_OR_NEWER
-define:UNITY_2017_4_OR_NEWER
-define:UNITY_2017_4_1
-define:UNITY_2017_4
-define:UNITY_2017
-define:ENABLE_AUDIO
-define:ENABLE_CACHING
-define:ENABLE_CLOTH
-define:ENABLE_GENERICS
-define:ENABLE_PVR_GI
-define:ENABLE_MULTIPLE_DISPLAYS
-define:ENABLE_PHYSICS
-define:ENABLE_SPRITERENDERER_FLIPPING
-define:ENABLE_SPRITES
-define:ENABLE_GRID
-define:ENABLE_TILEMAP
-define:ENABLE_TERRAIN
-define:ENABLE_DIRECTOR
-define:ENABLE_UNET
-define:ENABLE_UNITYEVENTS
-define:ENABLE_WEBCAM
-define:ENABLE_WWW
-define:ENABLE_CLOUD_SERVICES_COLLAB
-define:ENABLE_CLOUD_SERVICES_COLLAB_SOFTLOCKS
-define:ENABLE_CLOUD_HUB
-define:ENABLE_CLOUD_PROJECT_ID
-define:ENABLE_CLOUD_SERVICES_USE_WEBREQUEST
-define:ENABLE_CLOUD_SERVICES_UNET
-define:ENABLE_CLOUD_SERVICES_BUILD
-define:ENABLE_CLOUD_LICENSE
-define:ENABLE_EDITOR_HUB
-define:ENABLE_EDITOR_HUB_LICENSE
-define:ENABLE_WEBSOCKET_CLIENT
-define:ENABLE_DIRECTOR_AUDIO
-define:ENABLE_DIRECTOR_TEXTURE
-define:ENABLE_TIMELINE
-define:ENABLE_EDITOR_METRICS
-define:ENABLE_EDITOR_METRICS_CACHING
-define:ENABLE_NATIVE_ARRAY
-define:ENABLE_SPRITE_MASKING
-define:INCLUDE_DYNAMIC_GI
-define:INCLUDE_GI
-define:ENABLE_MONO_BDWGC
-define:RENDER_SOFTWARE_CURSOR
-define:INCLUDE_PUBNUB
-define:ENABLE_PLAYMODE_TESTS_RUNNER
-define:ENABLE_VIDEO
-define:ENABLE_RMGUI
-define:ENABLE_PACKMAN
-define:ENABLE_CUSTOM_RENDER_TEXTURE
-define:ENABLE_STYLE_SHEETS
-define:ENABLE_LOCALIZATION
-define:PLATFORM_WEBGL
-define:UNITY_WEBGL
-define:UNITY_WEBGL_API
-define:UNITY_DISABLE_WEB_VERIFICATION
-define:UNITY_GFX_USE_PLATFORM_VSYNC
-define:ENABLE_CRUNCH_TEXTURE_COMPRESSION
-define:ENABLE_UNITYWEBREQUEST
-define:ENABLE_CLOUD_SERVICES
-define:ENABLE_CLOUD_SERVICES_ADS
-define:ENABLE_CLOUD_SERVICES_ANALYTICS
-define:ENABLE_CLOUD_SERVICES_PURCHASING
-define:ENABLE_CLOUD_SERVICES_CRASH_REPORTING
-define:ENABLE_VR
-define:ENABLE_SPATIALTRACKING
-define:ENABLE_IL2CPP
-define:NET_4_6
-define:ENABLE_PROFILER
-define:DEBUG
-define:TRACE
-define:UNITY_ASSERTIONS
-define:UNITY_EDITOR
-define:UNITY_EDITOR_64
-define:UNITY_EDITOR_OSX
-define:ENABLE_NATIVE_ARRAY_CHECKS
-define:UNITY_TEAM_LICENSE
'Assets/AnalyzerPack/ScriptReaderPack/AnimationProfileReaderPack/AnimationProfileReaderInterface.cs'
'Assets/AnalyzerPack/ScriptReaderPack/DomainReaderPack/DomainReaderInterface.cs'
'Assets/AnalyzerPack/ScriptReaderPack/PlanReaderPack/PlanReaderInterface.cs'
'Assets/AnalyzerPack/ScriptReaderPack/ProblemReaderPack/ProblemReaderInterface.cs'
'Assets/AnalyzerPack/VisualizerRenderPack/ObjectCreatePack/ObjectCreateInterface.cs'
'Assets/AnalyzerPack/VisualizerRenderPack/ObjectLocationPack/ObjectLocationInterface.cs'
'Assets/AnalyzerPack/VisualizerRenderPack/PredicatesCalculatePack/PredicatesCalculateInterface.cs'
'Assets/AnimationProfile/Script/Helplink.cs'
'Assets/AnimationProfile/Script/Inputfield.cs'
'Assets/AnimationProfile/Script/Objects.cs'
'Assets/AnimationProfile/Script/predicates.cs'
'Assets/AnimationProfile/Script/ScreenManager.cs'
'Assets/Entity/AniProfilePack/AnimationProfileItem.cs'
'Assets/Entity/AniProfilePack/DesItem_Absolute.cs'
'Assets/Entity/AniProfilePack/DesItem_Offset.cs'
'Assets/Entity/AniProfilePack/DesItemBase.cs'
'Assets/Entity/ProjectVisualizePack/PredicateItem.cs'
'Assets/Entity/ProjectVisualizePack/ProjectVisualizeItem.cs'
'Assets/Entity/ProjectVisualizePack/StepItem.cs'
'Assets/Entity/ScriptInfoPack/Script_ObjectItem.cs'
'Assets/Entity/ScriptInfoPack/Script_PredicateItem.cs'
'Assets/Entity/ScriptInfoPack/ScriptInfoItem.cs'
'Assets/FileLoaderSharukh.cs'
'Assets/LoadingScreenController.cs'
'Assets/ProgressAnimation.cs'
'Assets/SerializableDictionary/Example/SerializableDictionaryExample.cs'
'Assets/SerializableDictionary/Example/UserSerializableDictionaries.cs'
'Assets/SerializableDictionary/SerializableDictionary.cs'
'Assets/Visualiser/Fonts/Change_info.cs'
'Assets/Visualiser/Scripts/circleRotator.cs'
'Assets/Visualiser/Scripts/FileUpload/CanvasScript.cs'
'Assets/Visualiser/Scripts/ScenesCoordinator.cs'
'Assets/Visualiser/Scripts/Visualisation/AnimationControl/DetachAniFrameOne.cs'
'Assets/Visualiser/Scripts/Visualisation/SpriteController.cs'
'Assets/Visualiser/Scripts/Visualisation/TransferPack/Enum_TransferType.cs'
'Assets/Visualiser/Scripts/Visualisation/TransferPack/Enum_TwoPhaseAppearType.cs'
'Assets/Visualiser/Scripts/Visualisation/TransferPack/Enum_TwoPhaseDisappearType.cs'
'Assets/Visualiser/Scripts/Visualisation/TransferPack/TransferFactory.cs'
'Assets/Visualiser/Scripts/Visualisation/TransferPack/TransferItemPack/FadeTransferItem.cs'
'Assets/Visualiser/Scripts/Visualisation/TransferPack/TransferItemPack/ITransferItem.cs'
'Assets/Visualiser/Scripts/Visualisation/TransferPack/TransferItemPack/LinerTransferItem.cs'
'Assets/Visualiser/Scripts/Visualisation/TransferPack/TransferItemPack/TwoPhaseTransferItem_Interfaces.cs'
'Assets/Visualiser/Scripts/Visualisation/TransferPack/TransferItemPack/TwoPhaseTransferItem_Main.cs'
'Assets/Visualiser/Scripts/Visualisation/VisualisationModels/ImageDictionary.cs'
'Assets/Visualiser/Scripts/Visualisation/VisualisationModels/VisualSolutionObject.cs'
'Assets/Visualiser/Scripts/Visualisation/VisualisationModels/VisualSpriteObject.cs'
'Assets/Visualiser/Scripts/Visualisation/VisualisationModels/VisualStageObject.cs'
'Assets/Visualiser/Scripts/Visualisation/VisualiserController.cs'
-r:'/Applications/Unity/Unity.app/Contents/MonoBleedingEdge/lib/mono/4.5/System.Runtime.Serialization.dll'
-r:'/Applications/Unity/Unity.app/Contents/MonoBleedingEdge/lib/mono/4.5/System.Xml.Linq.dll'
-r:'/Applications/Unity/Unity.app/Contents/MonoBleedingEdge/lib/mono/4.5/UnityScript.dll'
-r:'/Applications/Unity/Unity.app/Contents/MonoBleedingEdge/lib/mono/4.5/UnityScript.Lang.dll'
-r:'/Applications/Unity/Unity.app/Contents/MonoBleedingEdge/lib/mono/4.5/Boo.Lang.dll'
-sdk:4.6

-----CompilerOutput:-stdout--exitcode: 0--compilationhadfailure: False--outfile: Temp/Assembly-CSharp.dll
Compilation succeeded - 2 warning(s)
-----CompilerOutput:-stderr----------
Assets/Visualiser/Scripts/FileUpload/CanvasScript.cs(14,17): warning CS0108: `CanvasScript.name' hides inherited member `UnityEngine.Object.name'. Use the new keyword if hiding was intended
/Applications/Unity/Unity.app/Contents/Managed/UnityEngine/UnityEngine.CoreModule.dll (Location of the symbol related to previous warning)
Assets/Visualiser/Scripts/Visualisation/VisualiserController.cs(216,29): warning CS0219: The variable `rectTrans' is assigned but its value is never used
-----EndCompilerOutput---------------
- Finished compile Library/ScriptAssemblies/Assembly-CSharp.dll
Symbols will be read from Temp/Assembly-CSharp.dll.mdb
Script Module: Assembly-CSharp.dll
Pass: 0 took 16 milliseconds
Pass: 1 took 2 milliseconds
- Starting compile Library/ScriptAssemblies/Assembly-CSharp-Editor.dll
- Finished compile Library/ScriptAssemblies/Assembly-CSharp-Editor.dll
Assets/Visualiser/Scripts/FileUpload/CanvasScript.cs(14,17): warning CS0108: `CanvasScript.name' hides inherited member `UnityEngine.Object.name'. Use the new keyword if hiding was intended
 
(Filename: Assets/Visualiser/Scripts/FileUpload/CanvasScript.cs Line: 14)

Assets/Visualiser/Scripts/Visualisation/VisualiserController.cs(216,29): warning CS0219: The variable `rectTrans' is assigned but its value is never used
 
(Filename: Assets/Visualiser/Scripts/Visualisation/VisualiserController.cs Line: 216)

Reloading assemblies after script compilation.
Begin MonoManager ReloadAssembly
Refreshing native plugins compatible for Editor in 2.18 ms, found 3 plugins.
Preloading 1 native plugins for Editor in 0.50 ms.
Mono: successfully reloaded assembly
Refreshing native plugins compatible for Editor in 0.47 ms, found 3 plugins.
Preloading 1 native plugins for Editor in 0.51 ms.

----- Total AssetImport time: 0.201585s, AssetImport time: 0.000000s, Asset hashing: 0.000000s [0 B, 0.000000 mb/s]

- Completed reload, in  1.236 seconds
Initializing Unity.PackageManager (PackageManager) v2017.4.1 for Unity v2017.4.1f1
Registering platform support modules:
Registered platform support modules in: 0.0894372s.
Native extension for WebGL target not found
Native extension for OSXStandalone target not found
Batchmode quit successfully invoked - shutting down!
Refresh: detecting if any assets need to be imported or removed ... Refresh: elapses 0.022452 seconds (Nothing changed)
Updating ProjectSettings/ProjectSettings.asset - GUID: 00000000000000004000000000000000...
 done. [Time: 57.548593 ms] 
Refreshing native plugins compatible for Editor in 0.38 ms, found 3 plugins.
Preloading 1 native plugins for Editor in 0.48 ms.

----- Total AssetImport time: 0.271822s, AssetImport time: 0.133944s, Asset hashing: 0.000000s [0 B, 0.000000 mb/s]

Refresh: detecting if any assets need to be imported or removed ... Refresh: elapses 0.006636 seconds (Nothing changed)
[Package Manager] Server::Kill -- Server was shutdown
Cleanup mono
Exiting batchmode successfully now!
